安装 libgcc-4.4.7-4.el6.x86_64
warning: libgcc-4.4.7-4.el6.x86_64: Header V3 RSA/SHA1 Signature, key ID c105b9de: NOKEY
安装 fontpackages-filesystem-1.41-1.1.el6.noarch
安装 m17n-db-1.5.5-1.1.el6.noarch
安装 xml-common-0.6.3-32.el6.noarch
安装 iso-codes-3.16-2.el6.noarch
安装 setup-2.8.14-20.el6_4.1.noarch
安装 filesystem-2.4.30-3.el6.x86_64
安装 liberation-fonts-common-1.05.1.20090721-5.el6.noarch
安装 xkeyboard-config-2.6-6.el6.noarch
安装 tzdata-2013g-1.el6.noarch
安装 texlive-texmf-errata-2007-7.1.el6.noarch
安装 kernel-headers-2.6.32-431.el6.x86_64
安装 dejavu-fonts-common-2.30-2.el6.noarch
安装 ctan-cm-lgc-fonts-common-0.5-17.1.el6.noarch
安装 control-center-filesystem-2.28.1-39.el6.x86_64
安装 paktype-fonts-common-2.0-8.el6.noarch
安装 mesa-dri-filesystem-9.2-0.5.el6.x86_64
安装 mailcap-2.1.31-2.el6.noarch
安装 lucene-2.3.1-5.9.el6.noarch
安装 xsane-common-0.997-8.el6.x86_64
安装 mozilla-filesystem-1.9-5.1.el6.x86_64
安装 libX11-common-1.5.0-4.el6.noarch
安装 latencytop-common-0.5-9.el6.x86_64
安装 tzdata-java-2013g-1.el6.noarch
安装 foomatic-db-filesystem-4.0-7.20091126.el6.noarch
安装 xmlrpc3-common-3.0-4.15.el6.noarch
安装 cjkuni-fonts-common-0.2.20080216.1-36.el6.noarch
安装 centos-indexhtml-6-1.el6.centos.noarch
安装 xmlrpc3-client-3.0-4.15.el6.noarch
安装 lucene-contrib-2.3.1-5.9.el6.noarch
安装 basesystem-10.0-4.el6.noarch
安装 m17n-db-datafiles-1.5.5-1.1.el6.noarch
安装 khmeros-fonts-common-5.0-9.el6.noarch
安装 smc-fonts-common-04.2-11.el6.noarch
安装 thai-scalable-fonts-common-0.4.12-2.1.el6.noarch
安装 un-core-fonts-common-1.0.2-0.15.080608.el6.noarch
安装 vlgothic-fonts-common-20091202-2.el6.noarch
安装 texlive-texmf-errata-dvips-2007-7.1.el6.noarch
安装 dmz-cursor-themes-0.4-4.el6.noarch
安装 jdepend-2.9-1.2.el6.noarch
安装 texlive-texmf-errata-latex-2007-7.1.el6.noarch
安装 texlive-texmf-errata-fonts-2007-7.1.el6.noarch
安装 pygobject2-doc-2.20.0-5.el6.x86_64
安装 poppler-data-0.4.0-1.el6.noarch
安装 libwacom-data-0.5-5.el6.noarch
安装 comps-extras-17.8-1.el6.noarch
安装 gpxe-roms-qemu-0.9.7-6.10.el6.noarch
安装 sgabios-bin-0-0.3.20110621svn.el6.noarch
安装 vgabios-0.6b-3.7.el6.noarch
安装 seabios-0.6.1.2-28.el6.x86_64
安装 pygtk2-doc-2.16.0-3.el6.noarch
安装 ncurses-base-5.7-3.20090208.el6.x86_64
安装 glibc-common-2.12-1.132.el6.x86_64
安装 nss-softokn-freebl-3.14.3-9.el6.x86_64
安装 glibc-2.12-1.132.el6.x86_64
安装 ncurses-libs-5.7-3.20090208.el6.x86_64
安装 bash-4.1.2-15.el6_4.x86_64
安装 libattr-2.4.44-7.el6.x86_64
安装 libcap-2.16-5.5.el6.x86_64
安装 zlib-1.2.3-29.el6.x86_64
安装 libstdc++-4.4.7-4.el6.x86_64
安装 freetype-2.3.11-14.el6_3.1.x86_64
安装 dbus-libs-1.2.24-7.el6_3.x86_64
安装 libxml2-2.7.6-14.el6.x86_64
安装 pkgconfig-0.23-9.1.el6.x86_64
安装 libICE-1.0.6-1.el6.x86_64
安装 info-4.13a-8.el6.x86_64
安装 libjpeg-turbo-1.2.1-1.el6.x86_64
安装 libpng-1.2.49-1.el6_2.x86_64
安装 libcom_err-1.41.12-18.el6.x86_64
安装 popt-1.13-7.el6.x86_64
安装 chkconfig-1.3.49.3-2.el6_4.1.x86_64
安装 nspr-4.10.0-1.el6.x86_64
安装 nss-util-3.15.1-3.el6.x86_64
安装 bzip2-libs-1.0.5-7.el6_0.x86_64
安装 libXau-1.0.6-4.el6.x86_64
安装 expat-2.0.1-11.el6_2.x86_64
安装 audit-libs-2.2-2.el6.x86_64
安装 libacl-2.2.49-6.el6.x86_64
安装 xorg-x11-proto-devel-7.6-25.el6.noarch
安装 libusb-0.1.12-23.el6.x86_64
安装 db4-4.7.25-18.el6_4.x86_64
安装 cyrus-sasl-lib-2.1.23-13.el6_3.1.x86_64
安装 avahi-libs-0.6.25-12.el6.x86_64
安装 libXdmcp-1.1.1-3.el6.x86_64
安装 libudev-147-2.51.el6.x86_64
安装 gawk-3.1.7-10.el6.x86_64
安装 libart_lgpl-2.3.20-5.1.el6.x86_64
安装 libogg-1.1.4-2.1.el6.x86_64
安装 libtiff-3.9.4-9.el6_3.x86_64
安装 libuuid-2.17.2-12.14.el6.x86_64
安装 libSM-1.2.1-2.el6.x86_64
安装 tcp_wrappers-libs-7.6-57.el6.x86_64
安装 readline-6.0-4.el6.x86_64
安装 sqlite-3.6.20-1.el6.x86_64
安装 elfutils-libelf-0.152-1.el6.x86_64
安装 libvorbis-1.2.3-4.el6_2.1.x86_64
安装 m17n-contrib-1.1.10-4.el6_1.1.noarch
安装 libtdb-1.2.10-1.el6.x86_64
安装 libtalloc-2.0.7-2.el6.x86_64
安装 libnl-1.1.4-2.el6.x86_64
安装 gmp-4.3.1-7.el6_2.2.x86_64
安装 libsepol-2.0.41-4.el6.x86_64
安装 libselinux-2.0.94-5.3.el6_4.1.x86_64
安装 shared-mime-info-0.70-4.el6.x86_64
warning: %post(shared-mime-info-0.70-4.el6.x86_64) scriptlet failed, exit status 127
安装 glib2-2.26.1-3.el6.x86_64
安装 gamin-0.1.10-9.el6.x86_64
安装 atk-1.30.0-1.el6.x86_64
安装 dbus-glib-0.86-6.el6.x86_64
安装 shadow-utils-4.1.4.2-13.el6.x86_64
安装 sed-4.2.1-10.el6.x86_64
安装 desktop-file-utils-0.15-9.el6.x86_64
安装 libgudev1-147-2.51.el6.x86_64
安装 jakarta-commons-logging-1.0.4-10.el6.noarch
安装 lcms-libs-1.19-1.el6.x86_64
安装 libexif-0.6.21-5.el6_3.x86_64
安装 libgpg-error-1.7-4.el6.x86_64
安装 libgcrypt-1.4.5-11.el6_4.x86_64
安装 libxslt-1.1.26-2.el6_3.1.x86_64
安装 libusb1-1.0.9-0.6.rc1.el6.x86_64
安装 libtool-ltdl-2.2.6-15.5.el6.x86_64
安装 findutils-4.4.2-6.el6.x86_64
安装 libcap-ng-0.6.4-3.el6_0.1.x86_64
安装 dbus-1.2.24-7.el6_3.x86_64
安装 hal-libs-0.5.14-11.el6.x86_64
安装 avahi-glib-0.6.25-12.el6.x86_64
安装 libtevent-0.9.18-3.el6.x86_64
安装 libblkid-2.17.2-12.14.el6.x86_64
安装 jasper-libs-1.900.1-15.el6_1.1.x86_64
安装 which-2.19-6.el6.x86_64
安装 pcre-7.8-6.el6.x86_64
安装 grep-2.6.3-4.el6.x86_64
安装 keyutils-libs-1.4-4.el6.x86_64
安装 krb5-libs-1.10.3-10.el6_4.6.x86_64
安装 xz-libs-4.999.9-0.3.beta.20091007git.el6.x86_64
安装 libxcb-1.8.1-1.el6.x86_64
安装 libX11-1.5.0-4.el6.x86_64
安装 libXext-1.3.1-2.el6.x86_64
安装 libXrender-0.9.7-2.el6.x86_64
安装 libXrandr-1.4.0-1.el6.x86_64
安装 libXi-1.6.1-3.el6.x86_64
安装 libXtst-1.2.1-2.el6.x86_64
安装 libXt-1.1.3-1.el6.x86_64
安装 libXpm-3.5.10-2.el6.x86_64
安装 libXfixes-5.0-3.el6.x86_64
安装 libXcursor-1.1.13-6.20130524git8f677eaea.el6.x86_64
安装 libXinerama-1.1.2-2.el6.x86_64
安装 libXdamage-1.1.3-4.el6.x86_64
安装 libXmu-1.1.1-2.el6.x86_64
安装 libXxf86vm-1.1.2-2.el6.x86_64
安装 dbus-x11-1.2.24-7.el6_3.x86_64
安装 libXcomposite-0.4.3-4.el6.x86_64
安装 ibus-libs-1.3.4-6.el6.x86_64
安装 zlib-devel-1.2.3-29.el6.x86_64
安装 libsigc++20-2.2.4.2-1.el6.x86_64
安装 pixman-0.26.2-5.el6_4.x86_64
安装 libtasn1-2.3-3.el6_2.1.x86_64
安装 gnutls-2.8.5-10.el6_4.2.x86_64
安装 cups-libs-1.4.2-50.el6_4.5.x86_64
安装 libasyncns-0.8-1.1.el6.x86_64
安装 libXv-1.0.7-2.el6.x86_64
安装 elfutils-libs-0.152-1.el6.x86_64
安装 bzip2-1.0.5-7.el6_0.x86_64
安装 binutils-2.20.51.0.2-5.36.el6.x86_64
安装 libidn-1.18-2.el6.x86_64
安装 xmlrpc-c-1.16.24-1210.1840.el6.x86_64
安装 file-libs-5.04-15.el6.x86_64
安装 speex-1.2-0.12.rc1.1.el6.x86_64
安装 glibmm24-2.22.1-1.el6.x86_64
安装 freetype-devel-2.3.11-14.el6_3.1.x86_64
安装 redhat-menus-14.0.0-3.el6.noarch
安装 apr-1.3.9-5.el6_2.x86_64
安装 libtheora-1.1.0-2.el6.x86_64
安装 cpio-2.10-11.el6_3.x86_64
安装 diffutils-2.8.1-28.el6.x86_64
安装 btparser-0.17-2.el6.x86_64
安装 pciutils-libs-3.1.10-2.el6.x86_64
安装 bluez-libs-4.66-1.el6.x86_64
安装 libraw1394-2.0.4-1.el6.x86_64
安装 apr-util-1.3.9-3.el6_0.1.x86_64
安装 file-5.04-15.el6.x86_64
安装 libpng-devel-1.2.49-1.el6_2.x86_64
安装 libXScrnSaver-1.2.2-2.el6.x86_64
安装 xz-4.999.9-0.3.beta.20091007git.el6.x86_64
安装 dbus-devel-1.2.24-7.el6_3.x86_64
安装 usbredir-0.5.1-1.el6.x86_64
安装 libmng-1.0.10-4.1.el6.x86_64
安装 libutempter-1.1.5-4.1.el6.x86_64
安装 procps-3.2.8-25.el6.x86_64
安装 lua-5.1.4-4.1.el6.x86_64
安装 flac-1.2.1-6.1.el6.x86_64
安装 libICE-devel-1.0.6-1.el6.x86_64
安装 m4-1.4.13-5.el6.x86_64
安装 hunspell-1.2.8-16.el6.x86_64
安装 enchant-1.5.0-4.el6.x86_64
安装 boost-system-1.41.0-18.el6.x86_64
安装 ilmbase-1.0.1-6.1.el6.x86_64
安装 libv4l-0.6.3-2.el6.x86_64
安装 OpenEXR-libs-1.6.1-8.1.el6.x86_64
安装 boost-filesystem-1.41.0-18.el6.x86_64
安装 libSM-devel-1.2.1-2.el6.x86_64
安装 libXaw-1.0.11-2.el6.x86_64
安装 libXxf86misc-1.0.3-4.el6.x86_64
安装 giflib-4.1.6-3.1.el6.x86_64
安装 libgssglue-0.1-11.el6.x86_64
安装 libIDL-0.8.13-2.1.el6.x86_64
安装 ORBit2-2.14.17-3.2.el6_3.x86_64
安装 libbonobo-2.24.2-5.el6.x86_64
安装 psmisc-22.6-15.el6_0.1.x86_64
安装 celt051-0.5.1.3-0.el6.x86_64
安装 nspr-devel-4.10.0-1.el6.x86_64
安装 libjpeg-turbo-devel-1.2.1-1.el6.x86_64
安装 make-3.81-20.el6.x86_64
安装 libgomp-4.4.7-4.el6.x86_64
安装 libicu-4.2.1-9.1.el6_2.x86_64
安装 clucene-core-0.9.21b-1.el6.x86_64
安装 kpathsea-2007-57.el6_2.x86_64
安装 oxygen-icon-theme-4.3.4-2.el6.noarch
安装 texlive-texmf-2007-38.el6.noarch
安装 libical-0.43-6.el6.x86_64
安装 numactl-2.0.7-8.el6.x86_64
安装 gdbm-1.8.0-36.el6.x86_64
安装 perl-Pod-Escapes-1.04-136.el6.x86_64
安装 perl-libs-5.10.1-136.el6.x86_64
安装 perl-version-0.77-136.el6.x86_64
安装 perl-Module-Pluggable-3.90-136.el6.x86_64
安装 perl-Pod-Simple-3.13-136.el6.x86_64
安装 perl-5.10.1-136.el6.x86_64
安装 perl-Locale-Maketext-Simple-0.18-136.el6.x86_64
安装 perl-Params-Check-0.26-136.el6.x86_64
安装 perl-DBI-1.609-4.el6.x86_64
安装 perl-Module-Load-0.16-136.el6.x86_64
安装 perl-Module-Load-Conditional-0.30-136.el6.x86_64
安装 perl-Log-Message-0.02-136.el6.x86_64
安装 perl-IO-Compress-Base-2.021-136.el6.x86_64
安装 plymouth-core-libs-0.8.3-27.el6.centos.x86_64
安装 openjpeg-libs-1.3-9.el6_3.x86_64
安装 autoconf-2.63-5.1.el6.noarch
安装 automake-1.11.1-4.el6.noarch
安装 perl-Package-Constants-0.02-136.el6.x86_64
安装 perl-Compress-Raw-Zlib-2.021-136.el6.x86_64
安装 perl-URI-1.40-2.el6.noarch
安装 boost-regex-1.41.0-18.el6.x86_64
安装 libtirpc-0.2.1-6.el6_4.x86_64
安装 libXp-1.0.0-15.1.el6.x86_64
安装 libxkbfile-1.0.6-1.1.el6.x86_64
安装 libxklavier-4.0-9.el6.x86_64
安装 libgtop2-2.28.0-3.el6.x86_64
安装 libao-0.8.8-7.1.el6.x86_64
安装 patch-2.6-6.el6.x86_64
安装 tar-1.23-11.el6.x86_64
安装 mpfr-2.4.1-6.el6.x86_64
安装 libart_lgpl-devel-2.3.20-5.1.el6.x86_64
安装 libatasmart-0.17-4.el6_2.x86_64
安装 exempi-2.1.0-5.el6.x86_64
安装 pinentry-0.7.6-6.el6.x86_64
安装 e2fsprogs-libs-1.41.12-18.el6.x86_64
安装 boost-thread-1.41.0-18.el6.x86_64
安装 boost-program-options-1.41.0-18.el6.x86_64
安装 boost-date-time-1.41.0-18.el6.x86_64
安装 taglib-1.6.1-1.1.el6.x86_64
安装 libfontenc-1.0.5-2.el6.x86_64
安装 cdparanoia-libs-10.2-5.1.el6.x86_64
安装 zip-3.0-1.el6.x86_64
安装 libaio-0.3.107-10.el6.x86_64
安装 lzo-2.03-3.1.el6.x86_64
安装 libgfortran-4.4.7-4.el6.x86_64
安装 libwmf-lite-0.2.8.4-22.el6.centos.x86_64
安装 dmidecode-2.11-2.el6.x86_64
安装 sysvinit-tools-2.87-5.dsf.el6.x86_64
安装 sg3_utils-libs-1.28-5.el6.x86_64
安装 yajl-1.0.7-3.el6.x86_64
安装 libpcap-1.4.0-1.20130826git2dbcaa1.el6.x86_64
安装 lm_sensors-libs-3.1.1-17.el6.x86_64
安装 libieee1284-0.2.11-9.el6.x86_64
安装 liboil-0.3.16-4.1.el6.x86_64
安装 libXfont-1.4.5-2.el6.x86_64
安装 xorg-x11-font-utils-7.2-11.el6.x86_64
安装 boost-wave-1.41.0-18.el6.x86_64
安装 cdrdao-1.2.3-4.el6.x86_64
安装 xorg-x11-xkb-utils-7.7-4.el6.x86_64
安装 boost-graph-1.41.0-18.el6.x86_64
安装 perl-IO-Compress-Zlib-2.021-136.el6.x86_64
安装 perl-Compress-Zlib-2.021-136.el6.x86_64
安装 perl-IO-Zlib-1.09-136.el6.x86_64
安装 perl-Archive-Tar-1.58-136.el6.x86_64
安装 plymouth-graphics-libs-0.8.3-27.el6.centos.x86_64
安装 perl-Log-Message-Simple-0.04-136.el6.x86_64
安装 perl-Term-UI-0.20-136.el6.x86_64
安装 perl-Object-Accessor-0.34-136.el6.x86_64
安装 perl-Error-0.17015-4.el6.noarch
安装 kdelibs-common-4.3.4-20.el6_4.1.x86_64
安装 perl-Module-Loaded-0.02-136.el6.x86_64
安装 perl-Module-CoreList-2.18-136.el6.x86_64
安装 perl-Digest-SHA-5.47-136.el6.x86_64
安装 perl-Compress-Raw-Bzip2-2.021-136.el6.x86_64
安装 perl-CGI-3.51-136.el6.x86_64
安装 texlive-texmf-dvips-2007-38.el6.noarch
安装 nss-util-devel-3.15.1-3.el6.x86_64
安装 xz-lzma-compat-4.999.9-0.3.beta.20091007git.el6.x86_64
安装 pilot-link-0.12.4-6.el6.x86_64
安装 elfutils-0.152-1.el6.x86_64
安装 libXvMC-1.0.7-2.el6.x86_64
安装 p11-kit-0.18.5-2.el6.x86_64
安装 xcb-util-0.3.6-1.el6.x86_64
安装 startup-notification-0.10-2.1.el6.x86_64
安装 cyrus-sasl-gssapi-2.1.23-13.el6_3.1.x86_64
安装 keyutils-1.4-4.el6.x86_64
安装 libldb-1.1.13-3.el6.x86_64
安装 usbmuxd-1.0.2-1.el6.x86_64
安装 libwacom-0.5-5.el6.x86_64
安装 libplist-1.2-1.el6.x86_64
安装 libipa_hbac-1.9.2-129.el6.x86_64
安装 libcroco-0.6.2-5.el6.x86_64
安装 vim-minimal-7.2.411-1.8.el6.x86_64
安装 net-tools-1.60-110.el6_2.x86_64
安装 libselinux-utils-2.0.94-5.3.el6_4.1.x86_64
安装 checkpolicy-2.0.22-1.el6.x86_64
安装 nss-softokn-3.14.3-9.el6.x86_64
安装 bc-1.06.95-1.el6.x86_64
安装 openobex-1.4-7.el6.x86_64
安装 libXau-devel-1.0.6-4.el6.x86_64
安装 libxcb-devel-1.8.1-1.el6.x86_64
安装 libX11-devel-1.5.0-4.el6.x86_64
安装 libXext-devel-1.3.1-2.el6.x86_64
安装 libXrender-devel-0.9.7-2.el6.x86_64
安装 libXfixes-devel-5.0-3.el6.x86_64
安装 libXt-devel-1.1.3-1.el6.x86_64
安装 libXcursor-devel-1.1.13-6.20130524git8f677eaea.el6.x86_64
安装 libXrandr-devel-1.4.0-1.el6.x86_64
安装 libXinerama-devel-1.1.2-2.el6.x86_64
安装 libXi-devel-1.6.1-3.el6.x86_64
安装 acl-2.2.49-6.el6.x86_64
安装 exiv2-libs-0.18.2-2.1.el6.x86_64
安装 unzip-6.0-1.el6.x86_64
安装 boost-iostreams-1.41.0-18.el6.x86_64
安装 popt-devel-1.13-7.el6.x86_64
安装 libss-1.41.12-18.el6.x86_64
安装 e2fsprogs-1.41.12-18.el6.x86_64
安装 libopenraw-0.0.5-4.1.el6.x86_64
安装 gnome-doc-utils-stylesheets-0.18.1-1.el6.noarch
安装 boost-serialization-1.41.0-18.el6.x86_64
安装 boost-test-1.41.0-18.el6.x86_64
安装 boost-signals-1.41.0-18.el6.x86_64
安装 snappy-1.1.0-1.el6.x86_64
安装 crash-6.1.0-5.el6.x86_64
安装 libtar-1.2.11-17.el6_4.1.x86_64
安装 psutils-1.17-34.el6.x86_64
安装 ncurses-5.7-3.20090208.el6.x86_64
安装 groff-1.18.1.4-21.el6.x86_64
安装 less-436-10.el6.x86_64
安装 coreutils-libs-8.4-31.el6.x86_64
安装 gzip-1.3.12-19.el6_4.x86_64
安装 cracklib-2.8.16-4.el6.x86_64
安装 cracklib-dicts-2.8.16-4.el6.x86_64
安装 coreutils-8.4-31.el6.x86_64
安装 pam-1.1.1-17.el6.x86_64
安装 fontconfig-2.8.0-3.el6.x86_64
安装 cairo-1.8.8-3.1.el6.x86_64
安装 jpackage-utils-1.7.5-3.12.el6.noarch
安装 alsa-lib-1.0.22-3.el6.x86_64
安装 libXft-2.3.1-2.el6.x86_64
安装 hicolor-icon-theme-0.11-1.1.el6.noarch
安装 libsndfile-1.0.20-5.el6.x86_64
安装 pulseaudio-libs-0.9.21-14.el6_3.x86_64
安装 module-init-tools-3.9-21.el6_4.x86_64
安装 hwdata-0.233-9.1.el6.noarch
安装 redhat-logos-60.0.14-12.el6.centos.noarch
安装 sgml-common-0.6.3-32.el6.noarch
安装 docbook-dtds-1.0-51.el6.noarch
安装 qt3-3.3.8b-30.el6.x86_64
安装 xdg-utils-1.0.2-17.20091016cvs.el6.noarch
安装 libpciaccess-0.13.1-2.el6.x86_64
安装 pulseaudio-libs-glib2-0.9.21-14.el6_3.x86_64
安装 libsamplerate-0.1.7-2.1.el6.x86_64
安装 apache-tomcat-apis-0.1-1.el6.noarch
安装 cairomm-1.8.0-2.1.el6.x86_64
安装 fontconfig-devel-2.8.0-3.el6.x86_64
安装 libXft-devel-2.3.1-2.el6.x86_64
安装 poppler-0.12.4-3.el6_0.1.x86_64
安装 docbook-style-xsl-1.75.2-6.el6.noarch
安装 jakarta-commons-el-1.0-18.4.el6.noarch
安装 ConsoleKit-libs-0.4.1-3.el6.x86_64
安装 logrotate-3.7.8-17.el6.x86_64
安装 genisoimage-1.1.9-12.el6.x86_64
安装 plymouth-scripts-0.8.3-27.el6.centos.x86_64
安装 dvd+rw-tools-7.1-6.el6.x86_64
安装 ppp-2.4.5-5.el6.x86_64
安装 festival-speechtools-libs-1.2.96-18.el6.x86_64
安装 antlr-2.7.7-6.5.el6.x86_64
安装 jakarta-commons-io-1.4-3.el6.noarch
安装 urw-fonts-2.4-10.el6.noarch
安装 sound-theme-freedesktop-0.7-3.el6.noarch
安装 wodim-1.1.9-12.el6.x86_64
安装 rpcbind-0.2.0-11.el6.x86_64
安装 libedit-2.11-4.20080712cvs.1.el6.x86_64
安装 eject-2.1.5-17.el6.x86_64
安装 m17n-lib-1.5.5-2.el6_1.1.x86_64
安装 babl-0.1.2-4.el6.x86_64
安装 pth-2.0.7-9.3.el6.x86_64
安装 libiptcdata-1.0.4-2.1.el6.x86_64
安装 fuse-libs-2.8.3-4.el6.x86_64
安装 anthy-9100h-10.1.el6.x86_64
安装 libmpcdec-1.2.6-6.1.el6.x86_64
安装 slang-2.2.1-1.el6.x86_64
安装 newt-0.52.11-3.el6.x86_64
安装 libcollection-0.6.0-9.el6.x86_64
安装 SDL-1.2.14-3.el6.x86_64
安装 libffi-3.0.5-3.2.el6.x86_64
安装 pcsc-lite-libs-1.5.2-13.el6_4.x86_64
安装 mtdev-1.1.2-5.el6.x86_64
安装 theora-tools-1.1.0-2.el6.x86_64
安装 xmlgraphics-commons-1.3.1-1.1.el6.noarch
安装 festival-lib-1.96-18.el6.x86_64
安装 festvox-slt-arctic-hts-0.20061229-18.el6.noarch
安装 festival-1.96-18.el6.x86_64
安装 gnome-speech-0.4.25-3.1.el6.x86_64
安装 poppler-utils-0.12.4-3.el6_0.1.x86_64
安装 docbook-simple-1.1-8.el6.noarch
安装 opensp-1.5.2-12.1.el6.x86_64
安装 openjade-1.3.2-36.el6.x86_64
安装 perl-SGMLSpm-1.03ii-21.el6.noarch
安装 docbook-style-dsssl-1.79-10.el6.noarch
安装 pciutils-3.1.10-2.el6.x86_64
安装 pulseaudio-libs-zeroconf-0.9.21-14.el6_3.x86_64
安装 pulseaudio-utils-0.9.21-14.el6_3.x86_64
安装 xorg-x11-apps-7.6-6.el6.x86_64
安装 xterm-253-1.el6.x86_64
安装 openmotif-2.3.3-6.1.el6_4.x86_64
安装 alsa-utils-1.0.22-5.el6.x86_64
安装 jakarta-commons-lang-2.4-1.1.el6.noarch
安装 icu4j-eclipse-4.2.1-5.el6.x86_64
安装 ghostscript-fonts-5.50-23.1.el6.noarch
安装 ghostscript-8.70-19.el6.x86_64
安装 libspectre-0.2.4-1.el6.x86_64
安装 at-3.1.10-43.el6_2.1.x86_64
安装 cvs-1.11.23-16.el6.x86_64
安装 pam_krb5-2.3.11-9.el6.x86_64
安装 krb5-workstation-1.10.3-10.el6_4.6.x86_64
安装 sssd-client-1.9.2-129.el6.x86_64
安装 nss-3.15.1-15.el6.x86_64
安装 nss-sysinit-3.15.1-15.el6.x86_64
安装 NetworkManager-glib-0.8.1-66.el6.x86_64
安装 mailx-12.4-7.el6.x86_64
安装 libcacard-0.15.0-2.el6.x86_64
安装 nss-tools-3.15.1-15.el6.x86_64
安装 openldap-2.4.23-32.el6_4.1.x86_64
安装 libuser-0.56.13-5.el6.x86_64
安装 passwd-0.77-4.el6_2.2.x86_64
安装 sudo-1.8.6p3-12.el6.x86_64
安装 apr-util-ldap-1.3.9-3.el6_0.1.x86_64
安装 texlive-texmf-fonts-2007-38.el6.noarch
安装 texlive-2007-57.el6_2.x86_64
安装 texlive-dvips-2007-57.el6_2.x86_64
安装 texlive-utils-2007-57.el6_2.x86_64
安装 pygobject2-codegen-2.20.0-5.el6.x86_64
安装 jline-0.9.94-0.8.el6.noarch
安装 rhino-1.7-0.7.r2.2.el6.noarch
安装 libXmu-devel-1.1.1-2.el6.x86_64
安装 libXcomposite-devel-0.4.3-4.el6.x86_64
安装 libXdamage-devel-1.1.3-4.el6.x86_64
安装 libXxf86vm-devel-1.1.2-2.el6.x86_64
安装 libXp-devel-1.0.0-15.1.el6.x86_64
安装 openmotif-devel-2.3.3-6.1.el6_4.x86_64
安装 startup-notification-devel-0.10-2.1.el6.x86_64
安装 obexd-0.19-2.el6.x86_64
安装 libimobiledevice-0.9.7-4.el6.x86_64
安装 p11-kit-trust-0.18.5-2.el6.x86_64
安装 ca-certificates-2013.1.94-65.0.el6.noarch
安装 openssl-1.0.1e-15.el6.x86_64
安装 qt-4.6.2-26.el6_4.x86_64
安装 python-2.6.6-51.el6.x86_64
安装 python-libs-2.6.6-51.el6.x86_64
安装 glib2-devel-2.26.1-3.el6.x86_64
安装 libxml2-devel-2.7.6-14.el6.x86_64
安装 dbus-python-0.83.0-6.1.el6.x86_64
安装 mysql-libs-5.1.71-1.el6.x86_64
安装 qca2-2.0.2-2.1.el6.x86_64
安装 strigi-libs-0.7.0-2.el6.x86_64
安装 pygobject2-2.20.0-5.el6.x86_64
安装 libxml2-python-2.7.6-14.el6.x86_64
安装 gnome-menus-2.28.0-4.el6.x86_64
安装 libarchive-2.8.3-4.el6_2.x86_64
安装 newt-python-0.52.11-3.el6.x86_64
安装 pycairo-1.8.6-2.1.el6.x86_64
安装 authconfig-6.1.12-13.el6.x86_64
安装 dbus-glib-devel-0.86-6.el6.x86_64
安装 gdb-7.2-60.el6_4.1.x86_64
安装 gettext-0.17-16.el6.x86_64
安装 libselinux-python-2.0.94-5.3.el6_4.1.x86_64
安装 python-slip-0.2.20-1.el6_2.noarch
安装 postgresql-libs-8.4.18-1.el6_4.x86_64
安装 glusterfs-libs-3.4.0.36rhs-1.el6.x86_64
安装 glusterfs-api-3.4.0.36rhs-1.el6.x86_64
安装 qemu-img-0.12.1.2-2.415.el6.x86_64
安装 mysql-5.1.71-1.el6.x86_64
安装 boost-python-1.41.0-18.el6.x86_64
安装 python-ethtool-0.6-5.el6.x86_64
安装 libuser-python-0.56.13-5.el6.x86_64
安装 pyorbit-2.24.0-5.el6.x86_64
安装 wget-1.12-1.8.el6.x86_64
安装 lynx-2.8.6-27.el6.x86_64
安装 libssh2-1.4.2-1.el6.x86_64
安装 libcurl-7.19.7-37.el6_4.x86_64
安装 xmlrpc-c-client-1.16.24-1210.1840.el6.x86_64
安装 curl-7.19.7-37.el6_4.x86_64
安装 raptor-1.4.18-5.el6_2.1.x86_64
安装 gnupg2-2.0.14-6.el6_4.x86_64
安装 gpgme-1.1.8-3.el6.x86_64
安装 pygpgme-0.1-18.20090824bzr68.el6.x86_64
安装 rasqal-0.9.15-6.1.el6.x86_64
安装 redland-1.0.7-11.el6.x86_64
安装 soprano-2.3.1-1.2.el6.x86_64
安装 python-pycurl-7.19.0-8.el6.x86_64
安装 python-urlgrabber-3.9.1-9.el6.noarch
安装 vorbis-tools-1.2.0-7.el6.x86_64
安装 icedax-1.1.9-12.el6.x86_64
安装 docbook-utils-0.6.14-25.el6.noarch
安装 boost-1.41.0-18.el6.x86_64
安装 gnome-doc-utils-0.18.1-1.el6.noarch
安装 pygobject2-devel-2.20.0-5.el6.x86_64
安装 qca-ossl-2.0.0-0.8.beta3.1.el6.x86_64
安装 perl-DBD-MySQL-4.013-3.el6.x86_64
安装 qt-mysql-4.6.2-26.el6_4.x86_64
安装 system-config-keyboard-base-1.3.1-5.el6.x86_64
安装 libcroco-devel-0.6.2-5.el6.x86_64
安装 atk-devel-1.30.0-1.el6.x86_64
安装 libIDL-devel-0.8.13-2.1.el6.x86_64
安装 python-devel-2.6.6-51.el6.x86_64
安装 python-ldap-2.3.10-1.el6.x86_64
安装 yum-metadata-parser-1.1.2-16.el6.x86_64
安装 python-nss-0.13-1.el6.x86_64
安装 python-kerberos-1.1-6.2.el6.x86_64
安装 python-lxml-2.2.3-1.1.el6.x86_64
安装 pyOpenSSL-0.10-2.el6.x86_64
安装 libipa_hbac-python-1.9.2-129.el6.x86_64
安装 python-markupsafe-0.9.2-4.el6.x86_64
安装 python-crypto-2.0.1-22.el6.x86_64
安装 python-paramiko-1.7.5-2.1.el6.noarch
安装 python-magic-5.04-15.el6.x86_64
安装 python-enchant-1.3.1-5.2.el6.x86_64
安装 pytalloc-2.0.7-2.el6.x86_64
安装 samba4-libs-4.0.0-58.el6.rc4.x86_64
安装 blktrace-1.0.1-6.el6.x86_64
安装 python-krbV-1.0.90-3.el6.x86_64
安装 pyxf86config-0.3.37-7.1.el6.x86_64
安装 gamin-python-0.1.10-9.el6.x86_64
安装 cracklib-python-2.8.16-4.el6.x86_64
安装 python-iniparse-0.3.1-2.1.el6.noarch
安装 pyxdg-0.18-1.el6.noarch
安装 python-netaddr-0.7.5-4.el6.noarch
安装 python-beaker-1.3.1-7.el6.noarch
安装 python-mako-0.3.4-1.el6.noarch
安装 pytz-2010h-2.el6.noarch
安装 python-dateutil-1.4.1-6.el6.noarch
安装 python-decorator-3.0.1-3.1.el6.noarch
安装 libproxy-bin-0.3.0-4.el6_3.x86_64
安装 libproxy-0.3.0-4.el6_3.x86_64
安装 libproxy-python-0.3.0-4.el6_3.x86_64
安装 libreport-plugin-rhtsupport-2.0.9-19.el6.centos.x86_64
安装 libreport-python-2.0.9-19.el6.centos.x86_64
安装 libreport-compat-2.0.9-19.el6.centos.x86_64
安装 libreport-2.0.9-19.el6.centos.x86_64
安装 libreport-plugin-reportuploader-2.0.9-19.el6.centos.x86_64
安装 abrt-libs-2.0.8-21.el6.centos.x86_64
安装 libreport-plugin-mailx-2.0.9-19.el6.centos.x86_64
安装 libreport-plugin-logger-2.0.9-19.el6.centos.x86_64
安装 abrt-tui-2.0.8-21.el6.centos.x86_64
安装 libreport-plugin-kerneloops-2.0.9-19.el6.centos.x86_64
安装 libreport-cli-2.0.9-19.el6.centos.x86_64
安装 libreport-newt-2.0.9-19.el6.centos.x86_64
安装 python-setuptools-0.6.10-3.el6.noarch
安装 python-nose-0.10.4-3.1.el6.noarch
安装 qt-sqlite-4.6.2-26.el6_4.x86_64
安装 wpa_supplicant-0.7.3-4.el6_3.x86_64
安装 bind-libs-9.8.2-0.17.rc1.el6_4.6.x86_64
安装 bind-utils-9.8.2-0.17.rc1.el6_4.6.x86_64
安装 libmsn-4.0-0.15.beta8.1.el6.x86_64
安装 cyrus-sasl-md5-2.1.23-13.el6_3.1.x86_64
安装 spice-server-0.12.4-6.el6.x86_64
安装 fipscheck-lib-1.2.0-7.el6.x86_64
安装 fipscheck-1.2.0-7.el6.x86_64
安装 httpd-tools-2.2.15-29.el6.centos.x86_64
安装 htdig-3.2.0-0.10.b6.el6.x86_64
安装 perl-IO-Compress-Bzip2-2.021-136.el6.x86_64
安装 xorg-x11-server-common-1.13.0-23.el6.centos.x86_64
安装 ksysguardd-4.3.4-24.el6.x86_64
安装 atlas-3.8.4-2.el6.x86_64
安装 numpy-1.4.1-9.el6.x86_64
安装 lzop-1.02-0.9.rc1.el6.x86_64
安装 cdparanoia-10.2-5.1.el6.x86_64
安装 cpp-4.4.7-4.el6.x86_64
安装 perl-DBIx-Simple-1.32-3.el6.noarch
安装 perl-DBD-SQLite-1.27-3.el6.x86_64
安装 valgrind-3.8.1-3.2.el6.x86_64
安装 perl-parent-0.221-136.el6.x86_64
安装 perl-Time-Piece-1.15-136.el6.x86_64
安装 perl-Time-HiRes-1.9721-136.el6.x86_64
安装 perl-Parse-CPAN-Meta-1.40-136.el6.x86_64
安装 perl-HTML-Tagset-3.20-4.el6.noarch
安装 perl-HTML-Parser-3.64-2.el6.x86_64
安装 perl-libwww-perl-5.833-2.el6.noarch
安装 perl-XML-Parser-2.36-7.el6.x86_64
安装 perl-libxml-perl-0.08-10.el6.noarch
安装 gdbm-devel-1.8.0-36.el6.x86_64
安装 libical-devel-0.43-6.el6.x86_64
安装 libmng-devel-1.0.10-4.1.el6.x86_64
安装 tmpwatch-2.9.16-4.el6.x86_64
安装 libotf-0.9.9-3.1.el6.x86_64
安装 flex-2.5.35-8.el6.x86_64
安装 libavc1394-0.5.3-9.1.el6.x86_64
安装 libiec61883-1.2.0-4.el6.x86_64
安装 libdc1394-2.1.2-3.4.el6.x86_64
安装 libshout-2.2.2-5.1.el6.x86_64
安装 mod_dnssd-0.6-2.el6.x86_64
安装 libidn-devel-1.18-2.el6.x86_64
安装 oprofile-0.9.7-1.el6.x86_64
安装 gnutls-utils-2.8.5-10.el6_4.2.x86_64
安装 libtasn1-devel-2.3-3.el6_2.1.x86_64
安装 pixman-devel-0.26.2-5.el6_4.x86_64
安装 cairo-devel-1.8.8-3.1.el6.x86_64
安装 pycairo-devel-1.8.6-2.1.el6.x86_64
安装 xorg-x11-xauth-1.0.2-7.1.el6.x86_64
安装 libdmx-1.1.2-2.el6.x86_64
安装 libXxf86dga-1.1.3-2.el6.x86_64
安装 xorg-x11-utils-7.5-6.el6.x86_64
安装 libXres-1.0.6-2.el6.x86_64
安装 keyutils-libs-devel-1.4-4.el6.x86_64
安装 gstreamer-tools-0.10.29-1.el6.x86_64
安装 gstreamer-0.10.29-1.el6.x86_64
安装 libcanberra-0.22-1.el6.centos.x86_64
安装 jasper-1.900.1-15.el6_1.1.x86_64
安装 grubby-7.0.15-5.el6.x86_64
安装 kernel-devel-2.6.32-431.el6.x86_64
安装 unixODBC-2.2.14-12.el6_3.x86_64
安装 libgpg-error-devel-1.7-4.el6.x86_64
安装 libgcrypt-devel-1.4.5-11.el6_4.x86_64
安装 libxslt-devel-1.1.26-2.el6_3.1.x86_64
安装 gnutls-devel-2.8.5-10.el6_4.2.x86_64
安装 jakarta-commons-discovery-0.4-5.4.el6.noarch
安装 ModemManager-0.4.0-5.git20100628.el6.x86_64
安装 polkit-desktop-policy-0.96-5.el6_4.noarch
安装 lockdev-1.0.1-18.el6.x86_64
安装 libgphoto2-2.4.7-4.el6.x86_64
安装 MAKEDEV-3.24-6.el6.x86_64
安装 ctapi-common-1.1-6.1.el6.x86_64
安装 eggdbus-0.6-3.el6.x86_64
安装 polkit-0.96-5.el6_4.x86_64
安装 ConsoleKit-0.4.1-3.el6.x86_64
安装 GConf2-2.28.0-6.el6.x86_64
安装 gnome-vfs2-2.24.2-6.el6.x86_64
安装 python-slip-dbus-0.2.20-1.el6_2.noarch
安装 spice-glib-0.20-11.el6.x86_64
安装 gconfmm26-2.28.0-1.el6.x86_64
安装 libgsf-1.14.15-5.el6.x86_64
安装 libgsf-devel-1.14.15-5.el6.x86_64
安装 ConsoleKit-x11-0.4.1-3.el6.x86_64
安装 rtkit-0.5-2.el6_4.x86_64
安装 dbus-c++-0.5.0-0.10.20090203git13281b3.1.el6.x86_64
安装 meanwhile-1.1.0-3.el6.x86_64
安装 nc-1.84-22.el6.x86_64
安装 augeas-libs-1.0.0-5.el6.x86_64
安装 netcf-libs-0.1.9-4.el6.x86_64
安装 libsepol-devel-2.0.41-4.el6.x86_64
安装 libselinux-devel-2.0.94-5.3.el6_4.1.x86_64
安装 ppl-0.10.2-11.el6.x86_64
安装 cloog-ppl-0.15.7-1.2.el6.x86_64
安装 iw-3.10-1.1.el6.x86_64
安装 m17n-db-bengali-1.5.5-1.1.el6.noarch
安装 m17n-contrib-bengali-1.1.10-4.el6_1.1.noarch
安装 m17n-db-punjabi-1.5.5-1.1.el6.noarch
安装 m17n-contrib-punjabi-1.1.10-4.el6_1.1.noarch
安装 m17n-db-assamese-1.5.5-1.1.el6.noarch
安装 m17n-contrib-assamese-1.1.10-4.el6_1.1.noarch
安装 m17n-db-oriya-1.5.5-1.1.el6.noarch
安装 m17n-contrib-oriya-1.1.10-4.el6_1.1.noarch
安装 m17n-db-kannada-1.5.5-1.1.el6.noarch
安装 m17n-contrib-kannada-1.1.10-4.el6_1.1.noarch
安装 m17n-db-telugu-1.5.5-1.1.el6.noarch
安装 m17n-contrib-telugu-1.1.10-4.el6_1.1.noarch
安装 m17n-db-hindi-1.5.5-1.1.el6.noarch
安装 m17n-contrib-hindi-1.1.10-4.el6_1.1.noarch
安装 m17n-db-tamil-1.5.5-1.1.el6.noarch
安装 m17n-contrib-tamil-1.1.10-4.el6_1.1.noarch
安装 m17n-db-malayalam-1.5.5-1.1.el6.noarch
安装 m17n-contrib-malayalam-1.1.10-4.el6_1.1.noarch
安装 m17n-db-gujarati-1.5.5-1.1.el6.noarch
安装 m17n-contrib-gujarati-1.1.10-4.el6_1.1.noarch
安装 m17n-db-sinhala-1.5.5-1.1.el6.noarch
安装 m17n-contrib-sinhala-1.1.10-4.el6_1.1.noarch
安装 elfutils-libelf-devel-0.152-1.el6.x86_64
安装 sqlite-devel-3.6.20-1.el6.x86_64
安装 tcp_wrappers-7.6-57.el6.x86_64
安装 cyrus-sasl-plain-2.1.23-13.el6_3.1.x86_64
安装 db4-utils-4.7.25-18.el6_4.x86_64
安装 rpm-libs-4.8.0-37.el6.x86_64
安装 rpm-4.8.0-37.el6.x86_64
安装 kde-filesystem-4-30.1.el6.noarch
安装 rpm-python-4.8.0-37.el6.x86_64
安装 yum-plugin-fastestmirror-1.1.30-14.el6.noarch
安装 yum-3.2.29-40.el6.centos.noarch
安装 abrt-2.0.8-21.el6.centos.x86_64
安装 net-snmp-libs-5.5-49.el6.x86_64
安装 man-1.6f-32.el6.x86_64
安装 abrt-addon-kerneloops-2.0.8-21.el6.centos.x86_64
安装 abrt-addon-ccpp-2.0.8-21.el6.centos.x86_64
安装 abrt-addon-python-2.0.8-21.el6.centos.x86_64
安装 sos-2.2-47.el6.centos.noarch
安装 kde-l10n-4.3.4-5.el6.noarch
安装 rpmlint-0.94-3.1.el6.noarch
安装 kdebase-workspace-wallpapers-4.3.4-24.el6.noarch
安装 rpm-build-4.8.0-37.el6.x86_64
安装 rsync-3.0.6-9.el6_4.1.x86_64
安装 libmusicbrainz-2.1.5-11.1.el6.x86_64
安装 device-mapper-persistent-data-0.2.8-2.el6.x86_64
安装 portreserve-0.0.4-9.el6.x86_64
安装 java-1.6.0-openjdk-javadoc-1.6.0.0-1.66.1.13.0.el6.x86_64
安装 libcom_err-devel-1.41.12-18.el6.x86_64
安装 krb5-devel-1.10.3-10.el6_4.6.x86_64
安装 openssl-devel-1.0.1e-15.el6.x86_64
安装 libvncserver-0.9.7-4.el6.x86_64
安装 ed-1.1-3.3.el6.x86_64
安装 time-1.7-37.1.el6.x86_64
安装 indent-2.2.10-7.el6.x86_64
安装 check-0.9.8-1.1.el6.x86_64
安装 check-devel-0.9.8-1.1.el6.x86_64
安装 libcdio-0.81-3.1.el6.x86_64
安装 mtools-4.0.12-1.el6.x86_64
安装 ncurses-devel-5.7-3.20090208.el6.x86_64
安装 dbus-qt-0.70-7.2.el6.x86_64
安装 libnih-1.0.1-7.el6.x86_64
安装 upstart-0.6.5-12.el6_4.1.x86_64
安装 ttmkfdir-3.0.9-32.1.el6.x86_64
安装 xorg-x11-fonts-Type1-7.2-9.1.el6.noarch
安装 java-1.7.0-openjdk-1.7.0.45-2.4.3.3.el6.x86_64
安装 java-1.6.0-openjdk-1.6.0.0-1.66.1.13.0.el6.x86_64
安装 java-1.6.0-openjdk-devel-1.6.0.0-1.66.1.13.0.el6.x86_64
安装 jna-3.2.4-2.el6.x86_64
安装 sat4j-2.2.0-4.0.el6.noarch
安装 qdox-1.9.2-2.el6.noarch
安装 hsqldb-1.8.0.10-12.el6.noarch
安装 lpg-java-compat-1.1.0-4.1.el6.noarch
安装 slf4j-1.5.8-8.el6.noarch
安装 trilead-ssh2-213-6.2.el6.noarch
安装 libstdc++-devel-4.4.7-4.el6.x86_64
安装 boost-math-1.41.0-18.el6.x86_64
安装 db4-cxx-4.7.25-18.el6_4.x86_64
安装 db4-devel-4.7.25-18.el6_4.x86_64
安装 tbb-2.2-3.20090809.el6.x86_64
安装 gettext-libs-0.17-16.el6.x86_64
安装 mesa-private-llvm-3.3-0.3.rc3.el6.x86_64
安装 libattr-devel-2.4.44-7.el6.x86_64
安装 liberation-sans-fonts-1.05.1.20090721-5.el6.noarch
安装 dejavu-sans-fonts-2.30-2.el6.noarch
安装 glibc-headers-2.12-1.132.el6.x86_64
安装 glibc-devel-2.12-1.132.el6.x86_64
安装 perl-Test-Harness-3.17-136.el6.x86_64
安装 perl-ExtUtils-ParseXS-2.2003.0-136.el6.x86_64
安装 perl-devel-5.10.1-136.el6.x86_64
安装 perl-ExtUtils-MakeMaker-6.55-136.el6.x86_64
安装 perl-IPC-Cmd-0.56-136.el6.x86_64
安装 gcc-4.4.7-4.el6.x86_64
安装 perl-File-Fetch-0.26-136.el6.x86_64
安装 perl-Archive-Extract-0.38-136.el6.x86_64
安装 perl-Test-Simple-0.92-136.el6.x86_64
安装 perl-ExtUtils-CBuilder-0.27-136.el6.x86_64
安装 perl-Module-Build-0.3500-136.el6.x86_64
安装 perl-CPANPLUS-0.88-136.el6.x86_64
安装 libtool-2.2.6-15.5.el6.x86_64
安装 gcc-c++-4.4.7-4.el6.x86_64
安装 perl-CPAN-1.9402-136.el6.x86_64
安装 perl-ExtUtils-Embed-1.28-136.el6.x86_64
安装 pnm2ppa-1.04-19.el6.x86_64
安装 pygtk2-codegen-2.16.0-3.el6.x86_64
安装 ctan-cm-lgc-typewriter-fonts-0.5-17.1.el6.noarch
安装 ctan-cm-lgc-sans-fonts-0.5-17.1.el6.noarch
安装 ctan-cm-lgc-roman-fonts-0.5-17.1.el6.noarch
安装 vim-common-7.2.411-1.8.el6.x86_64
安装 dash-0.5.5.1-4.el6.x86_64
安装 dosfstools-3.0.9-4.el6.x86_64
安装 ethtool-3.5-1.el6.x86_64
安装 hesiod-3.1.0-19.el6.x86_64
安装 libchewing-0.3.2-27.el6.x86_64
安装 libhangul-0.0.10-1.el6.x86_64
安装 mingetty-1.08-5.el6.x86_64
安装 libsss_autofs-1.9.2-129.el6.x86_64
安装 libevent-1.4.13-4.el6.x86_64
安装 libthai-0.1.12-3.el6.x86_64
安装 pango-1.28.1-7.el6_3.x86_64
安装 gtk2-2.20.1-4.el6.x86_64
安装 libgcj-4.4.7-4.el6.x86_64
安装 gnome-keyring-2.28.2-8.el6_3.x86_64
安装 pygtk2-2.16.0-3.el6.x86_64
安装 java-1.5.0-gcj-1.5.0.0-29.1.el6.x86_64
安装 java_cup-0.10k-5.el6.x86_64
安装 sinjdoc-0.5-9.1.el6.x86_64
安装 libsoup-2.28.2-4.el6.x86_64
安装 libcanberra-gtk2-0.22-1.el6.centos.x86_64
安装 xml-commons-apis-1.3.04-3.6.el6.x86_64
安装 libglade2-2.6.4-3.1.el6.x86_64
安装 libgnomecanvas-2.26.0-4.el6.x86_64
安装 librsvg2-2.26.0-5.el6_1.1.0.1.centos.x86_64
安装 unique-1.1.4-2.el6.x86_64
安装 pygtk2-libglade-2.16.0-3.el6.x86_64
安装 xerces-j2-2.7.1-12.6.el6_0.x86_64
安装 xml-commons-resolver-1.1-4.18.el6.x86_64
安装 ant-1.7.1-13.el6.x86_64
安装 ant-nodeps-1.7.1-13.el6.x86_64
安装 gnome-icon-theme-2.28.0-2.el6.noarch
安装 xalan-j2-2.7.0-9.8.el6.noarch
安装 gnome-python2-2.28.0-3.el6.x86_64
安装 libwnck-2.28.0-3.el6.x86_64
安装 totem-pl-parser-2.28.3-1.el6.x86_64
安装 at-spi-1.28.1-2.el6.centos.x86_64
安装 libgnomekbd-2.28.2-2.el6.x86_64
安装 notification-daemon-0.5.0-1.el6.x86_64
安装 libnotify-0.5.0-1.el6.x86_64
安装 log4j-1.2.14-6.4.el6.x86_64
安装 libgweather-2.28.0-5.el6.x86_64
安装 junit-3.8.2-6.5.el6.x86_64
安装 classpathx-jaf-1.0-15.4.el6.x86_64
安装 classpathx-mail-1.1.1-9.4.el6.noarch
安装 gimp-libs-2.6.9-4.el6_3.3.x86_64
安装 gnome-python2-gconf-2.28.0-3.el6.x86_64
安装 jakarta-commons-httpclient-3.1-0.7.el6_3.x86_64
安装 jakarta-commons-codec-1.3-11.7.el6.x86_64
安装 polkit-gnome-0.96-3.el6.x86_64
安装 gnome-bluetooth-libs-2.28.6-8.el6.x86_64
安装 poppler-glib-0.12.4-3.el6_0.1.x86_64
安装 xulrunner-17.0.10-1.el6.centos.x86_64
安装 pango-devel-1.28.1-7.el6_3.x86_64
安装 gtk2-devel-2.20.1-4.el6.x86_64
安装 libglade2-devel-2.6.4-3.1.el6.x86_64
安装 pangomm-2.26.0-1.el6.x86_64
安装 gtkmm24-2.18.2-1.el6.x86_64
安装 evince-libs-2.28.2-14.el6_0.1.x86_64
安装 xmldb-api-0.1-0.4.20011111cvs.1.5.el6.noarch
安装 notify-python-0.1.1-10.el6.x86_64
安装 gnome-python2-gnomevfs-2.28.0-3.el6.x86_64
安装 gnome-python2-canvas-2.28.0-3.el6.x86_64
安装 gnome-python2-desktop-2.28.0-5.el6.x86_64
安装 gnome-python2-gnomekeyring-2.28.0-5.el6.x86_64
安装 wsdl4j-1.5.2-7.8.el6.noarch
安装 objectweb-asm-3.2-2.1.el6.noarch
安装 batik-1.7-8.5.el6.x86_64
安装 libgdata-0.6.4-2.el6.x86_64
安装 evolution-data-server-2.32.3-18.el6.x86_64
安装 jakarta-oro-2.0.8-6.6.el6.x86_64
安装 jakarta-commons-net-2.0-2.1.el6.noarch
安装 regexp-1.5-4.4.el6.x86_64
安装 bcel-5.2-7.2.el6.x86_64
安装 gnome-keyring-pam-2.28.2-8.el6_3.x86_64
安装 libreport-gtk-2.0.9-19.el6.centos.x86_64
安装 hamcrest-1.1-9.4.el6.x86_64
安装 gutenprint-5.2.5-2.el6.x86_64
安装 gdm-libs-2.30.4-52.el6.x86_64
安装 gtksourceview2-2.8.2-4.el6.x86_64
安装 avahi-ui-0.6.25-12.el6.x86_64
安装 PackageKit-gtk-module-0.5.8-21.el6.x86_64
安装 PackageKit-glib-0.5.8-21.el6.x86_64
安装 PackageKit-yum-plugin-0.5.8-21.el6.x86_64
安装 PackageKit-yum-0.5.8-21.el6.x86_64
安装 PackageKit-0.5.8-21.el6.x86_64
安装 obex-data-server-0.4.3-4.el6.x86_64
安装 spice-gtk-0.20-11.el6.x86_64
安装 gtk-vnc-0.3.10-3.el6.x86_64
安装 libgxim-0.3.3-3.1.el6.x86_64
安装 imsettings-libs-0.108.0-3.6.el6.x86_64
安装 gtk-vnc-python-0.3.10-3.el6.x86_64
安装 spice-gtk-python-0.20-11.el6.x86_64
安装 PackageKit-device-rebind-0.5.8-21.el6.x86_64
安装 pygtksourceview-2.8.0-1.el6.x86_64
安装 junit4-4.5-5.3.el6.noarch
安装 abrt-gui-2.0.8-21.el6.centos.x86_64
安装 ant-apache-bcel-1.7.1-13.el6.x86_64
安装 ant-apache-regexp-1.7.1-13.el6.x86_64
安装 ant-commons-net-1.7.1-13.el6.x86_64
安装 ant-apache-oro-1.7.1-13.el6.x86_64
安装 axis-1.2.1-7.3.el6_3.noarch
安装 mx4j-3.0.1-9.13.el6.noarch
安装 geronimo-specs-1.0-3.5.M2.el6.noarch
安装 geronimo-specs-compat-1.0-3.5.M2.el6.noarch
安装 xmldb-api-sdk-0.1-0.4.20011111cvs.1.5.el6.noarch
安装 ws-jaxme-0.5.1-4.6.el6.noarch
安装 eclipse-swt-3.6.1-6.13.el6.x86_64
安装 eclipse-rcp-3.6.1-6.13.el6.x86_64
安装 ant-javamail-1.7.1-13.el6.x86_64
安装 ant-junit-1.7.1-13.el6.x86_64
安装 ant-apache-log4j-1.7.1-13.el6.x86_64
安装 gnome-mag-0.15.9-2.el6.x86_64
安装 gnome-python2-libwnck-2.28.0-5.el6.x86_64
安装 gnome-python2-extras-2.25.3-20.el6.x86_64
安装 ant-trax-1.7.1-13.el6.x86_64
安装 bsf-2.4.0-4.1.el6.noarch
安装 ant-apache-bsf-1.7.1-13.el6.x86_64
安装 avalon-framework-4.1.4-7.el6.x86_64
安装 fop-0.95-4.2.el6.x86_64
安装 ant-jdepend-1.7.1-13.el6.x86_64
安装 ant-commons-logging-1.7.1-13.el6.x86_64
安装 ant-apache-resolver-1.7.1-13.el6.x86_64
安装 ant-antlr-1.7.1-13.el6.x86_64
安装 ant-swing-1.7.1-13.el6.x86_64
安装 gnome-media-2.29.91-6.el6.x86_64
安装 gnome-media-libs-2.29.91-6.el6.x86_64
安装 iok-1.3.13-3.el6.x86_64
安装 ImageMagick-6.5.4.7-6.el6_2.x86_64
安装 geoclue-0.11.1.1-0.13.20091026git73b6729.el6.x86_64
安装 sac-1.3-5.1.el6.x86_64
安装 ecj-3.4.2-6.el6.x86_64
安装 apache-jasper-5.5.28-3.el6.noarch
安装 jetty-eclipse-6.1.24-2.el6.noarch
安装 jzlib-1.0.7-7.5.el6.x86_64
安装 jsch-0.1.41-2.2.el6.noarch
安装 ant-jsch-1.7.1-13.el6.x86_64
安装 eclipse-platform-3.6.1-6.13.el6.x86_64
安装 eclipse-gef-3.6.1-3.el6.x86_64
安装 eclipse-emf-2.6.0-1.el6.x86_64
安装 eclipse-jdt-3.6.1-6.13.el6.x86_64
安装 eclipse-nls-3.6.0.v20120721114722-2.el6.x86_64
安装 eclipse-rse-3.2-1.el6.x86_64
安装 eclipse-cdt-7.0.1-4.el6.x86_64
安装 eclipse-linuxprofilingframework-0.6.1-1.el6.x86_64
安装 eclipse-dtp-1.8.1-1.1.el6.x86_64
安装 eclipse-birt-2.6.0-1.1.el6.x86_64
安装 eclipse-changelog-2.7.0-1.el6.x86_64
安装 python-slip-gtk-0.2.20-1.el6_2.noarch
安装 gettext-devel-0.17-16.el6.x86_64
安装 libwmf-0.2.8.4-22.el6.centos.x86_64
安装 GConf2-gtk-2.28.0-6.el6.x86_64
安装 gtk2-engines-2.18.4-5.el6.centos.x86_64
安装 gnome-themes-2.28.1-6.el6.noarch
安装 system-icon-theme-6.0.0-2.el6.noarch
安装 system-gnome-theme-60.0.2-1.el6.noarch
安装 libgnome-2.28.0-11.el6.x86_64
安装 libbonoboui-2.24.2-3.el6.x86_64
安装 gnome-panel-libs-2.30.2-15.el6.x86_64
安装 libgnomeui-2.24.1-4.el6.x86_64
安装 gnome-python2-gnome-2.28.0-3.el6.x86_64
安装 gnome-desktop-2.28.2-11.el6.centos.x86_64
安装 gnome-python2-bonobo-2.28.0-3.el6.x86_64
安装 gnome-python2-libegg-2.25.3-20.el6.x86_64
安装 gnome-python2-applet-2.28.0-5.el6.x86_64
安装 at-spi-python-1.28.1-2.el6.centos.x86_64
安装 libgail-gnome-1.20.1-4.1.el6.centos.x86_64
安装 libpanelappletmm-2.26.0-3.el6.x86_64
安装 gnome-utils-libs-2.28.1-10.el6.x86_64
安装 gtkspell-2.0.16-1.el6.x86_64
安装 libopenraw-gnome-0.0.5-4.1.el6.x86_64
安装 kasumi-2.5-1.1.el6.x86_64
安装 pinentry-gtk-0.7.6-6.el6.x86_64
安装 python-matplotlib-0.99.1.2-1.el6.x86_64
安装 libfprint-0.1.0-19.pre2.el6.x86_64
安装 fprintd-0.1-21.git04fd09cfa.el6.x86_64
安装 fprintd-pam-0.1-21.git04fd09cfa.el6.x86_64
安装 unicap-0.9.5-7.el6.x86_64
安装 opencv-2.0.0-12.el6.x86_64
安装 plymouth-plugin-label-0.8.3-27.el6.centos.x86_64
安装 plymouth-plugin-two-step-0.8.3-27.el6.centos.x86_64
安装 plymouth-theme-rings-0.8.3-27.el6.centos.noarch
安装 paps-libs-0.6.8-13.el6.2.x86_64
安装 hdparm-9.43-4.el6.x86_64
安装 pbm2l7k-990321-8.el6.x86_64
安装 pbm2l2030-1.4-5.1.el6.x86_64
安装 min12xxw-0.0.9-5.1.el6.x86_64
安装 lx-20030328-5.1.el6.x86_64
安装 cjet-0.8.9-9.1.el6.x86_64
安装 c2070-0.99-7.el6.x86_64
安装 c2050-0.3b-3.1.el6.x86_64
安装 libsss_idmap-1.9.2-129.el6.x86_64
安装 libdhash-0.4.2-9.el6.x86_64
安装 c-ares-1.7.0-6.el6.x86_64
安装 gpm-libs-1.20.6-12.el6.x86_64
安装 audiofile-0.2.6-11.1.el6.x86_64
安装 arts-1.5.10-10.el6.x86_64
安装 libdaemon-0.14-1.el6.x86_64
安装 avahi-autoipd-0.6.25-12.el6.x86_64
安装 libisofs-0.6.32-1.el6.x86_64
安装 libburn-0.7.0-2.el6.x86_64
安装 sgpio-1.2.0.10-5.el6.x86_64
安装 libspiro-20071029-3.1.el6.x86_64
安装 gegl-0.1.2-5.el6.x86_64
安装 gimp-2.6.9-4.el6_3.3.x86_64
安装 libvpx-0.9.0-8.el6_0.x86_64
安装 gsm-1.0.13-4.el6.x86_64
安装 libvisual-0.4.0-9.1.el6.x86_64
安装 gstreamer-plugins-base-0.10.29-2.el6.x86_64
安装 brasero-2.28.3-6.el6.x86_64
安装 brasero-libs-2.28.3-6.el6.x86_64
安装 webkitgtk-1.2.6-5.el6.x86_64
安装 pywebkitgtk-1.1.6-3.el6.x86_64
安装 gstreamer-python-0.10.16-1.1.el6.x86_64
安装 gstreamer-plugins-bad-free-0.10.19-2.el6.x86_64
安装 wavpack-4.60-1.1.el6.x86_64
安装 libdv-1.0.0-8.1.el6.x86_64
安装 gstreamer-plugins-good-0.10.23-1.el6.x86_64
安装 libdvdread-4.1.4-0.3.svn1183.el6.x86_64
安装 libref_array-0.1.1-9.el6.x86_64
安装 libpath_utils-0.2.1-9.el6.x86_64
安装 libini_config-0.6.1-9.el6.x86_64
安装 libdiscid-0.2.2-4.1.el6.x86_64
安装 ustr-1.0.4-9.1.el6.x86_64
安装 libsemanage-2.0.43-4.2.el6.x86_64
安装 libmcpp-2.7.2-4.1.el6.x86_64
安装 mcpp-2.7.2-4.1.el6.x86_64
安装 xorg-x11-server-utils-7.5-13.el6.x86_64
安装 xorg-x11-xinit-1.0.9-14.el6.x86_64
安装 xdg-user-dirs-0.12-4.el6.x86_64
安装 xorg-x11-xdm-1.1.6-14.1.el6.x86_64
安装 kde-settings-kdm-4.3.1-2.el6.centos.noarch
安装 imsettings-0.108.0-3.6.el6.x86_64
安装 im-chooser-1.3.1-3.el6.x86_64
安装 ibus-gtk-1.3.4-6.el6.x86_64
安装 ibus-1.3.4-6.el6.x86_64
安装 ibus-table-1.2.0.20100111-4.el6.noarch
安装 pakchois-0.4-3.2.el6.x86_64
安装 neon-0.29.3-3.el6_4.x86_64
安装 libmusicbrainz3-3.0.2-7.el6.x86_64
安装 netpbm-10.47.05-11.el6.x86_64
安装 netpbm-progs-10.47.05-11.el6.x86_64
安装 texlive-texmf-latex-2007-38.el6.noarch
安装 texlive-latex-2007-57.el6_2.x86_64
安装 tex-preview-11.85-10.el6.noarch
安装 pax-3.4-10.1.el6.x86_64
安装 fakeroot-libs-1.12.2-22.2.el6.x86_64
安装 smp_utils-0.94-4.el6.x86_64
安装 nss-softokn-freebl-devel-3.14.3-9.el6.x86_64
安装 nss-softokn-devel-3.14.3-9.el6.x86_64
安装 nss-devel-3.15.1-15.el6.x86_64
安装 ksig-doc-1.1-0.10.20080213.el6.noarch
安装 konq-plugins-doc-4.3.3-5.el6.noarch
安装 kmid-common-2.0-0.14.20080213svn.el6.noarch
安装 busybox-1.15.1-20.el6.x86_64
安装 oxygen-cursor-themes-4.3.4-24.el6.noarch
安装 kcoloredit-doc-4.3.3-2.el6.noarch
安装 kbd-misc-1.15-11.el6.noarch
安装 centos-release-6-5.el6.centos.11.1.x86_64
安装 policycoreutils-2.0.83-19.39.el6.x86_64
安装 iptables-1.4.7-11.el6.x86_64
安装 iproute-2.6.32-31.el6.x86_64
安装 iputils-20071127-17.el6_4.2.x86_64
安装 util-linux-ng-2.17.2-12.14.el6.x86_64
安装 initscripts-9.03.40-2.el6.centos.x86_64
安装 udev-147-2.51.el6.x86_64
安装 libdrm-2.4.45-2.el6.x86_64
安装 mesa-libGL-9.2-0.5.el6.x86_64
安装 mesa-dri1-drivers-7.11-8.el6.x86_64
安装 mesa-dri-drivers-9.2-0.5.el6.x86_64
安装 mesa-libGLU-9.2-0.5.el6.x86_64
安装 qt-x11-4.6.2-26.el6_4.x86_64
安装 phonon-backend-gstreamer-4.6.2-26.el6_4.x86_64
安装 qimageblitz-0.0.4-1.el6.x86_64
安装 cups-1.4.2-50.el6_4.5.x86_64
安装 usermode-1.102-3.el6.x86_64
安装 usermode-gtk-1.102-3.el6.x86_64
安装 device-mapper-libs-1.02.79-8.el6.x86_64
安装 device-mapper-1.02.79-8.el6.x86_64
安装 device-mapper-event-libs-1.02.79-8.el6.x86_64
安装 plymouth-0.8.3-27.el6.centos.x86_64
安装 sane-backends-libs-gphoto2-1.0.21-3.el6.x86_64
安装 sane-backends-1.0.21-3.el6.x86_64
安装 sane-backends-libs-1.0.21-3.el6.x86_64
安装 cyrus-sasl-2.1.23-13.el6_3.1.x86_64
安装 openssh-5.3p1-94.el6.x86_64
安装 openssh-clients-5.3p1-94.el6.x86_64
安装 nfs-utils-lib-1.1.5-6.el6.x86_64
安装 nfs-utils-1.2.3-39.el6.x86_64
安装 kde-settings-4.3.1-2.el6.centos.noarch
安装 kdelibs-4.3.4-20.el6_4.1.x86_64
安装 kdepimlibs-4.3.4-4.el6.x86_64
安装 kdelibs-experimental-4.3.4-3.el6.x86_64
安装 kdegraphics-libs-4.3.4-6.el6.x86_64
安装 kdebase-libs-4.3.4-6.el6.x86_64
安装 kdelibs3-3.5.10-25.el6.x86_64
安装 k3b-common-1.0.5-13.el6.noarch
安装 k3b-1.0.5-13.el6.x86_64
安装 k3b-libs-1.0.5-13.el6.x86_64
安装 postfix-2.6.6-2.2.el6_1.x86_64
安装 device-mapper-event-1.02.79-8.el6.x86_64
安装 parted-2.1-21.el6.x86_64
安装 kpartx-0.4.9-72.el6.x86_64
安装 mdadm-3.2.6-7.el6.x86_64
安装 kbd-1.15-11.el6.x86_64
安装 dracut-004-335.el6.noarch
安装 dnsmasq-2.48-13.el6.x86_64
安装 vte-0.25.1-8.el6_4.x86_64
安装 samba-common-3.6.9-164.el6.x86_64
安装 samba-winbind-clients-3.6.9-164.el6.x86_64
安装 samba-winbind-3.6.9-164.el6.x86_64
安装 libsmbclient-3.6.9-164.el6.x86_64
安装 system-config-printer-libs-1.1.16-23.el6.x86_64
安装 rarian-0.8.1-5.1.el6.x86_64
安装 rarian-compat-0.8.1-5.1.el6.x86_64
安装 gtk-doc-1.11-5.1.el6.noarch
安装 ORBit2-devel-2.14.17-3.2.el6_3.x86_64
安装 GConf2-devel-2.28.0-6.el6.x86_64
安装 libsoup-devel-2.28.2-4.el6.x86_64
安装 libgnomecanvas-devel-2.26.0-4.el6.x86_64
安装 libbonobo-devel-2.24.2-5.el6.x86_64
安装 gnome-keyring-devel-2.28.2-8.el6_3.x86_64
安装 zenity-2.28.0-1.el6.x86_64
安装 metacity-2.28.0-23.el6.x86_64
安装 iptables-ipv6-1.4.7-11.el6.x86_64
安装 system-config-firewall-base-1.2.27-5.el6.noarch
安装 system-config-firewall-tui-1.2.27-5.el6.noarch
安装 libgweather-devel-2.28.0-5.el6.x86_64
安装 libgdata-devel-0.6.4-2.el6.x86_64
安装 polkit-docs-0.96-5.el6_4.x86_64
安装 polkit-devel-0.96-5.el6_4.x86_64
安装 gnome-terminal-2.31.3-8.el6.x86_64
安装 gucharmap-2.28.2-2.el6.x86_64
安装 gnome-user-docs-2.28.0-4.el6.noarch
安装 yelp-2.28.1-17.el6_3.x86_64
安装 system-config-services-docs-1.1.8-1.el6.noarch
安装 system-config-services-0.99.45-1.el6.3.noarch
安装 system-config-users-1.2.106-7.el6.noarch
安装 system-config-users-docs-1.0.8-2.el6.noarch
安装 kexec-tools-2.0.0-273.el6.x86_64
安装 dracut-kernel-004-335.el6.noarch
安装 udisks-1.0.1-4.el6.x86_64
安装 gnome-disk-utility-libs-2.30.1-2.el6.x86_64
安装 gvfs-1.4.3-15.el6.x86_64
安装 nautilus-extensions-2.28.4-19.el6.x86_64
安装 nautilus-2.28.4-19.el6.x86_64
安装 gvfs-obexftp-1.4.3-15.el6.x86_64
安装 gnome-disk-utility-ui-libs-2.30.1-2.el6.x86_64
安装 dmraid-events-1.0.0.rc16-11.el6.x86_64
安装 dmraid-1.0.0.rc16-11.el6.x86_64
安装 lvm2-libs-2.02.100-8.el6.x86_64
安装 lvm2-2.02.100-8.el6.x86_64
安装 kdeutils-4.3.4-7.el6.x86_64
安装 kdeutils-libs-4.3.4-7.el6.x86_64
安装 kdenetwork-libs-4.3.4-11.el6_0.1.x86_64
安装 kdeaccessibility-4.3.4-5.el6.x86_64
安装 kdeaccessibility-libs-4.3.4-5.el6.x86_64
安装 kio_sysinfo-20090930-1.el6.x86_64
安装 kdegames-libs-4.3.4-5.el6.x86_64
安装 kdemultimedia-libs-4.3.4-3.el6.x86_64
安装 perl-Git-1.7.1-3.el6_4.1.noarch
安装 git-1.7.1-3.el6_4.1.x86_64
安装 python-meh-0.12.1-3.el6.noarch
安装 cyrus-sasl-devel-2.1.23-13.el6_3.1.x86_64
安装 plymouth-utils-0.8.3-27.el6.centos.x86_64
安装 cryptsetup-luks-libs-1.2.0-7.el6.x86_64
安装 cryptsetup-luks-1.2.0-7.el6.x86_64
安装 pm-utils-1.2.5-10.el6.x86_64
安装 hal-info-20090716-3.1.el6.noarch
安装 hal-0.5.14-11.el6.x86_64
安装 libvirt-client-0.10.2-29.el6.x86_64
安装 DeviceKit-power-014-3.el6.x86_64
安装 libvirt-python-0.10.2-29.el6.x86_64
安装 libgpod-0.7.2-6.el6.x86_64
安装 kipi-plugins-0.8.0-5.el6.x86_64
安装 kipi-plugins-libs-0.8.0-5.el6.x86_64
安装 python-virtinst-0.600.0-18.el6.noarch
安装 libvirt-java-0.4.9-1.el6.noarch
安装 libmtp-1.0.1-2.el6.x86_64
安装 system-setup-keyboard-0.7-4.el6.x86_64
安装 xorg-x11-drv-void-1.4.0-3.el6.x86_64
安装 xorg-x11-drv-vesa-2.3.2-4.el6.x86_64
安装 xorg-x11-drv-evdev-2.7.3-5.el6.x86_64
安装 xorg-x11-server-Xorg-1.13.0-23.el6.centos.x86_64
安装 xorg-x11-drv-wacom-0.16.1-4.el6.x86_64
安装 gnome-settings-daemon-2.28.2-30.el6.x86_64
安装 control-center-2.28.1-39.el6.x86_64
安装 gnome-session-2.28.0-18.el6.x86_64
安装 plymouth-gdm-hooks-0.8.3-27.el6.centos.x86_64
安装 gdm-2.30.4-52.el6.x86_64
安装 pulseaudio-gdm-hooks-0.9.21-14.el6_3.x86_64
安装 desktop-effects-0.8.4-7.el6.x86_64
安装 gnome-session-xsession-2.28.0-18.el6.x86_64
安装 gnome-panel-2.30.2-15.el6.x86_64
安装 xorg-x11-drv-xgi-1.6.0-18.20121114git.el6.x86_64
安装 xorg-x11-drv-voodoo-1.2.5-3.el6.x86_64
安装 xorg-x11-drv-vmware-12.0.2-3.20120718gite5ac80d8f.el6.x86_64
安装 xorg-x11-drv-vmmouse-12.9.0-10.el6.x86_64
安装 xorg-x11-drv-v4l-0.2.0-6.el6.x86_64
安装 xorg-x11-drv-trident-1.3.6-4.el6.x86_64
安装 xorg-x11-drv-tdfx-1.4.5-2.el6.x86_64
安装 xorg-x11-drv-synaptics-1.6.2-13.el6.x86_64
安装 xorg-x11-drv-sisusb-0.9.6-2.el6.x86_64
安装 xorg-x11-drv-sis-0.10.7-2.el6.x86_64
安装 xorg-x11-drv-siliconmotion-1.7.7-2.el6.x86_64
安装 xorg-x11-drv-savage-2.3.6-2.el6.x86_64
安装 xorg-x11-drv-s3virge-1.10.6-2.el6.x86_64
安装 xorg-x11-drv-rendition-4.2.5-2.el6.x86_64
安装 xorg-x11-drv-r128-6.9.1-1.el6.x86_64
安装 xorg-x11-drv-qxl-0.1.0-7.el6.x86_64
安装 xorg-x11-drv-penmount-1.5.0-4.el6.x86_64
安装 xorg-x11-drv-openchrome-0.3.0-3.20120806git.el6.x86_64
安装 xorg-x11-drv-nv-2.1.20-4.el6.x86_64
安装 xorg-x11-drv-mutouch-1.3.0-4.el6.x86_64
安装 xorg-x11-drv-mouse-1.8.1-7.el6.x86_64
安装 xorg-x11-drv-modesetting-0.5.0-1.el6.x86_64
安装 xorg-x11-drv-mga-1.6.1-10.el6.x86_64
安装 xorg-x11-drv-mach64-6.9.3-4.1.el6_4.x86_64
安装 xorg-x11-drv-keyboard-1.6.2-7.el6.x86_64
安装 xorg-x11-drv-i740-1.3.4-5.el6.x86_64
安装 xorg-x11-drv-i128-1.3.6-3.el6.x86_64
安装 xorg-x11-drv-hyperpen-1.4.1-4.el6.x86_64
安装 xorg-x11-drv-glint-1.2.8-3.el6.x86_64
安装 xorg-x11-drv-fpit-1.4.0-5.el6.x86_64
安装 xorg-x11-drv-fbdev-0.4.3-2.el6.x86_64
安装 xorg-x11-drv-elographics-1.4.1-2.el6.x86_64
安装 xorg-x11-drv-dummy-0.3.6-2.el6.x86_64
安装 xorg-x11-drv-cirrus-1.5.1-2.el6.x86_64
安装 xorg-x11-drv-ast-0.97.0-2.el6.x86_64
安装 xorg-x11-drv-apm-1.2.5-5.el6.x86_64
安装 xorg-x11-drv-aiptek-1.4.1-4.el6.x86_64
安装 xorg-x11-drv-acecad-1.5.0-6.el6.x86_64
安装 hal-devel-0.5.14-11.el6.x86_64
安装 gnome-vfs2-devel-2.24.2-6.el6.x86_64
安装 libgnome-devel-2.28.0-11.el6.x86_64
安装 libbonoboui-devel-2.24.2-3.el6.x86_64
安装 libgnomeui-devel-2.24.1-4.el6.x86_64
安装 hal-storage-addon-0.5.14-11.el6.x86_64
安装 kdebase-runtime-4.3.4-9.el6.x86_64
安装 kdebase-runtime-libs-4.3.4-9.el6.x86_64
安装 kdebase-workspace-libs-4.3.4-24.el6.x86_64
安装 kdebase-workspace-4.3.4-24.el6.x86_64
安装 kdebase-4.3.4-6.el6.x86_64
安装 kdeplasma-addons-4.3.4-5.el6.x86_64
安装 kdeplasma-addons-libs-4.3.4-5.el6.x86_64
安装 authconfig-gtk-6.1.12-13.el6.x86_64
安装 setuptool-1.19.9-4.el6.x86_64
安装 system-config-keyboard-1.3.1-5.el6.x86_64
安装 foomatic-db-ppds-4.0-7.20091126.el6.noarch
安装 foomatic-db-4.0-7.20091126.el6.noarch
安装 foomatic-4.0.4-3.el6.x86_64
安装 ptouch-driver-1.3-2.1.el6.x86_64
安装 poppler-qt4-0.12.4-3.el6_0.1.x86_64
安装 glx-utils-9.2-0.5.el6.x86_64
安装 compiz-0.8.2-24.el6.x86_64
安装 mesa-libgbm-9.2-0.5.el6.x86_64
安装 mesa-libEGL-9.2-0.5.el6.x86_64
安装 xorg-x11-glamor-0.5.0-6.20130401git81aadb8.el6.x86_64
安装 mesa-libGLw-6.5.1-10.el6.x86_64
安装 libdrm-devel-2.4.45-2.el6.x86_64
安装 mesa-libGL-devel-9.2-0.5.el6.x86_64
安装 mesa-libGLU-devel-9.2-0.5.el6.x86_64
安装 emacs-common-23.1-25.el6.x86_64
安装 media-player-info-6-1.el6.noarch
安装 crda-1.1.1_2010.11.22-1.el6.x86_64
安装 wireless-tools-29-5.1.1.el6.x86_64
安装 python-iwlib-0.1-1.2.el6.x86_64
安装 hplip-common-3.12.4-4.el6_4.1.x86_64
安装 hplip-libs-3.12.4-4.el6_4.1.x86_64
安装 openct-0.6.19-4.el6.x86_64
安装 pcsc-lite-1.5.2-13.el6_4.x86_64
安装 pcsc-lite-openct-0.6.19-4.el6.x86_64
安装 rdesktop-1.7.1-1.el6.x86_64
安装 ntpdate-4.2.6p5-1.el6.centos.x86_64
安装 ntp-4.2.6p5-1.el6.centos.x86_64
安装 system-config-date-1.9.60-2.el6.centos.noarch
安装 system-config-date-docs-1.0.11-1.el6.noarch
安装 rsyslog-5.8.10-8.el6.x86_64
安装 crontabs-1.10-33.el6.noarch
安装 cronie-anacron-1.4.4-12.el6.x86_64
安装 cronie-1.4.4-12.el6.x86_64
安装 redhat-lsb-core-4.0-7.el6.centos.x86_64
安装 libcgroup-0.40.rc1-5.el6.x86_64
安装 numad-0.5-9.20130814git.el6.x86_64
安装 redhat-lsb-printing-4.0-7.el6.centos.x86_64
安装 redhat-lsb-graphics-4.0-7.el6.centos.x86_64
安装 redhat-lsb-compat-4.0-7.el6.centos.x86_64
安装 redhat-lsb-4.0-7.el6.centos.x86_64
安装 subversion-1.6.11-9.el6_4.x86_64
安装 subversion-javahl-1.6.11-9.el6_4.x86_64
安装 svnkit-1.3.0-3.el6.x86_64
安装 eclipse-svnkit-1.3.0-3.el6.x86_64
安装 yp-tools-2.9-12.el6.x86_64
安装 ypbind-1.20.4-30.el6.x86_64
安装 sssd-1.9.2-129.el6.x86_64
安装 mysql-server-5.1.71-1.el6.x86_64
安装 akonadi-1.2.1-2.el6.x86_64
安装 kdepimlibs-akonadi-4.3.4-4.el6.x86_64
安装 kdepim-libs-4.3.4-6.el6.x86_64
安装 kdepim-4.3.4-6.el6.x86_64
安装 kdepim-runtime-4.3.4-5.el6.x86_64
安装 kdepim-runtime-libs-4.3.4-5.el6.x86_64
安装 net-snmp-5.5-49.el6.x86_64
安装 httpd-2.2.15-29.el6.centos.x86_64
安装 certmonger-0.61-3.el6.x86_64
安装 radvd-1.6-1.el6.x86_64
安装 iscsi-initiator-utils-6.2.0.873-10.el6.x86_64
安装 ebtables-2.0.9-6.el6.x86_64
安装 oddjob-0.30-5.el6.x86_64
安装 oddjob-mkhomedir-0.30-5.el6.x86_64
安装 postgresql-8.4.18-1.el6_4.x86_64
安装 fakeroot-1.12.2-22.2.el6.x86_64
安装 rpmdevtools-7.5-2.el6.noarch
安装 ipa-python-3.0.0-37.el6.x86_64
安装 selinux-policy-3.7.19-231.el6.noarch
安装 redhat-bookmarks-6-1.el6.centos.noarch
安装 ws-commons-util-1.0.1-13.el6.noarch
安装 eclipse-mylyn-3.4.2-9.el6.x86_64
安装 dhcp-common-4.1.1-38.P1.el6.centos.x86_64
安装 dhclient-4.1.1-38.P1.el6.centos.x86_64
安装 mobile-broadband-provider-info-1.20100122-2.el6.noarch
安装 NetworkManager-0.8.1-66.el6.x86_64
安装 kernel-firmware-2.6.32-431.el6.noarch
安装 kernel-2.6.32-431.el6.x86_64
安装 pulseaudio-0.9.21-14.el6_3.x86_64
安装 systemtap-devel-2.3-3.el6.x86_64
安装 alsa-plugins-pulseaudio-1.0.21-3.el6.x86_64
安装 pulseaudio-module-x11-0.9.21-14.el6_3.x86_64
安装 pulseaudio-module-bluetooth-0.9.21-14.el6_3.x86_64
安装 bluez-4.66-1.el6.x86_64
安装 gnome-bluetooth-2.28.6-8.el6.x86_64
安装 systemtap-runtime-2.3-3.el6.x86_64
安装 systemtap-client-2.3-3.el6.x86_64
安装 systemtap-2.3-3.el6.x86_64
安装 autofs-5.0.5-88.el6.x86_64
安装 fuse-2.8.3-4.el6.x86_64
安装 gvfs-fuse-1.4.3-15.el6.x86_64
安装 totem-2.28.6-4.el6.x86_64
安装 xorg-x11-drv-nouveau-1.0.1-4.el6.x86_64
安装 xorg-x11-drv-intel-2.21.12-2.el6.x86_64
安装 xorg-x11-drv-ati-7.1.0-3.el6.x86_64
安装 xorg-x11-drivers-7.3-13.4.el6.x86_64
安装 totem-nautilus-2.28.6-4.el6.x86_64
安装 ipa-client-3.0.0-37.el6.x86_64
安装 eclipse-callgraph-0.6.1-1.el6.x86_64
安装 kde-settings-pulseaudio-4.3.1-2.el6.centos.noarch
安装 pulseaudio-module-gconf-0.9.21-14.el6_3.x86_64
安装 irqbalance-1.0.4-6.el6.x86_64
安装 pcmciautils-015-4.2.el6.x86_64
安装 NetworkManager-gnome-0.8.1-66.el6.x86_64
安装 eclipse-mylyn-java-3.4.2-9.el6.x86_64
安装 firefox-17.0.10-1.el6.centos.x86_64
安装 selinux-policy-targeted-3.7.19-231.el6.noarch
安装 eclipse-rpm-editor-0.5.0-2.el6.x86_64
安装 postgresql-devel-8.4.18-1.el6_4.x86_64
安装 libvirt-0.10.2-29.el6.x86_64
安装 gnome-user-share-2.28.2-3.el6.x86_64
安装 hpijs-3.12.4-4.el6_4.1.x86_64
安装 eclipse-subclipse-1.6.5-6.el6.x86_64
安装 libcgroup-devel-0.40.rc1-5.el6.x86_64
安装 sysstat-9.0.4-22.el6.x86_64
安装 firstboot-1.110.15-1.el6.x86_64
安装 kdenetwork-4.3.4-11.el6_0.1.x86_64
安装 libsane-hpaio-3.12.4-4.el6_4.1.x86_64
安装 system-config-network-tui-1.6.0.el6.2-1.el6.noarch
安装 rhythmbox-0.12.8-1.el6.x86_64
安装 emacs-23.1-25.el6.x86_64
安装 qt3-devel-3.3.8b-30.el6.x86_64
安装 qt-devel-4.6.2-26.el6_4.x86_64
安装 mesa-libGLw-devel-6.5.1-10.el6.x86_64
安装 compiz-gnome-0.8.2-24.el6.x86_64
安装 kdegraphics-4.3.4-6.el6.x86_64
安装 printer-filters-1.1-4.1.el6.noarch
安装 konq-plugins-4.3.3-5.el6.x86_64
安装 kdemultimedia-4.3.4-3.el6.x86_64
安装 kdeartwork-screensavers-4.3.4-7.el6.x86_64
安装 kdm-4.3.4-24.el6.x86_64
安装 gnome-desktop-devel-2.28.2-11.el6.centos.x86_64
安装 gnome-applets-2.28.0-7.el6.centos.x86_64
安装 gdm-user-switch-applet-2.30.4-52.el6.x86_64
安装 gdm-plugin-fingerprint-2.30.4-52.el6.x86_64
安装 control-center-extra-2.28.1-39.el6.x86_64
安装 orca-2.28.2-1.el6.x86_64
安装 wacomexpresskeys-0.4.2-3.el6.x86_64
安装 libvirt-java-devel-0.4.9-1.el6.noarch
安装 virt-manager-0.9.0-19.el6.x86_64
安装 gnome-power-manager-2.28.3-7.el6_4.x86_64
安装 gnome-packagekit-2.28.3-7.el6.x86_64
安装 libvirt-devel-0.10.2-29.el6.x86_64
安装 virt-viewer-0.5.6-8.el6.x86_64
安装 virt-top-1.0.4-3.15.el6.x86_64
安装 openldap-devel-2.4.23-32.el6_4.1.x86_64
安装 kdegames-4.3.4-5.el6.x86_64
安装 gnome-disk-utility-2.30.1-2.el6.x86_64
安装 evince-2.28.2-14.el6_0.1.x86_64
安装 nautilus-sendto-2.28.2-4.el6.x86_64
安装 nautilus-open-terminal-0.17-4.el6.x86_64
安装 file-roller-2.28.2-6.el6.x86_64
安装 brasero-nautilus-2.28.3-6.el6.x86_64
安装 gvfs-devel-1.4.3-15.el6.x86_64
安装 gvfs-smb-1.4.3-15.el6.x86_64
安装 gvfs-archive-1.4.3-15.el6.x86_64
安装 gvfs-afc-1.4.3-15.el6.x86_64
安装 gvfs-gphoto2-1.4.3-15.el6.x86_64
安装 system-config-kdump-2.0.5-15.el6.noarch
安装 evolution-data-server-devel-2.32.3-18.el6.x86_64
安装 system-config-firewall-1.2.27-5.el6.noarch
安装 gedit-2.28.4-3.el6.x86_64
安装 libcanberra-devel-0.22-1.el6.centos.x86_64
安装 eog-2.28.2-4.el6.x86_64
安装 gok-2.28.1-5.el6.x86_64
安装 gnome-system-monitor-2.28.0-11.el6.x86_64
安装 gnome-utils-2.28.1-10.el6.x86_64
安装 seahorse-2.28.1-4.el6.x86_64
安装 gcalctool-5.28.2-3.el6.x86_64
安装 gthumb-2.10.11-8.el6.x86_64
安装 sound-juicer-2.28.1-6.el6.x86_64
安装 system-config-printer-udev-1.1.16-23.el6.x86_64
安装 system-config-printer-1.1.16-23.el6.x86_64
安装 gnome-vfs2-smb-2.24.2-6.el6.x86_64
安装 samba-client-3.6.9-164.el6.x86_64
安装 cifs-utils-4.8.1-19.el6.x86_64
安装 kdeadmin-4.3.4-5.el6.x86_64
安装 kiconedit-4.3.3-1.el6.x86_64
安装 kcoloredit-4.3.3-2.el6.x86_64
安装 kmid-2.0-0.14.20080213svn.el6.x86_64
安装 ksshaskpass-0.5.1-4.1.el6.x86_64
安装 ksig-1.1-0.10.20080213.el6.x86_64
安装 libacl-devel-2.2.49-6.el6.x86_64
安装 openssh-server-5.3p1-94.el6.x86_64
安装 openssh-askpass-5.3p1-94.el6.x86_64
安装 sane-frontends-1.0.14-9.2.el6.x86_64
安装 xsane-gimp-0.997-8.el6.x86_64
安装 xsane-0.997-8.el6.x86_64
安装 eclipse-oprofile-0.6.1-1.el6.x86_64
安装 gutenprint-cups-5.2.5-2.el6.x86_64
安装 ibus-qt-1.3.0-2.el6.x86_64
安装 biosdevname-0.5.0-2.el6.x86_64
安装 bfa-firmware-3.2.21.1-2.el6.noarch
安装 iwl5150-firmware-8.24.2.2-1.el6.noarch
安装 iwl100-firmware-39.31.5.1-1.el6.noarch
安装 iwl6050-firmware-41.28.5.1-2.el6.noarch
安装 b43-openfwwf-5.2-4.el6.noarch
安装 iwl6000g2a-firmware-17.168.5.3-1.el6.noarch
安装 aic94xx-firmware-30-2.el6.noarch
安装 iwl6000-firmware-9.221.4.1-1.el6.noarch
安装 iwl1000-firmware-39.31.5.1-1.el6.noarch
安装 quota-3.17-20.el6.x86_64
安装 acpid-1.0.10-2.1.el6.x86_64
安装 rng-tools-2-13.el6_2.x86_64
安装 readahead-1.5.6-2.el6.x86_64
安装 microcode_ctl-1.17-17.el6.x86_64
安装 cpuspeed-1.5-20.el6_4.x86_64
安装 smartmontools-5.43-1.el6.x86_64
安装 qemu-kvm-0.12.1.2-2.415.el6.x86_64
安装 hypervkvpd-0-0.12.el6.x86_64
安装 spice-vdagent-0.14.0-2.el6.x86_64
安装 vsftpd-2.2.2-11.el6_4.1.x86_64
安装 virt-what-1.11-1.2.el6.x86_64
安装 prelink-0.4.6-3.1.el6_4.x86_64
安装 xmlto-0.0.23-3.el6.x86_64
安装 tex-cm-lgc-0.5-17.1.el6.noarch
安装 ibus-table-additional-1.2.0.20100111-4.el6.noarch
安装 ibus-table-cangjie-1.2.0.20100210-1.el6.noarch
安装 ibus-table-erbi-1.2.0.20090901-8.el6.noarch
安装 ibus-table-wubi-1.2.0.20090715-8.el6.noarch
安装 ibus-sayura-1.2.99.20100209-3.el6.x86_64
安装 ibus-pinyin-1.3.8-1.el6.x86_64
安装 ibus-m17n-1.3.0-2.el6.x86_64
安装 ibus-chewing-1.3.5.20100714-4.el6.x86_64
安装 ibus-hangul-1.3.0.20100329-6.el6.x86_64
安装 ibus-rawcode-1.3.0.20100421-2.el6.x86_64
安装 ibus-anthy-1.2.1-3.el6.x86_64
安装 xdg-user-dirs-gtk-0.8-7.el6.x86_64
安装 cheese-2.28.1-8.el6.x86_64
安装 gimp-help-browser-2.6.9-4.el6_3.3.x86_64
安装 totem-mozplugin-2.28.6-4.el6.x86_64
安装 gimp-help-2.4.2-5.1.el6.noarch
安装 gutenprint-plugin-5.2.5-2.el6.x86_64
安装 gimp-data-extras-2.0.2-3.1.el6.noarch
安装 vim-enhanced-7.2.411-1.8.el6.x86_64
安装 paps-0.6.8-13.el6.2.x86_64
安装 plymouth-system-theme-0.8.3-27.el6.centos.noarch
安装 seekwatcher-0.12-5.el6.noarch
安装 gnote-0.6.3-3.el6.x86_64
安装 gnome-screensaver-2.28.3-28.el6.x86_64
安装 mousetweaks-2.28.2-1.el6.x86_64
安装 intltool-0.41.0-1.1.el6.noarch
安装 eclipse-valgrind-0.6.1-1.el6.x86_64
安装 eclipse-nls-zh-3.6.0.v20120721114722-2.el6.x86_64
安装 eclipse-nls-zh_TW-3.6.0.v20120721114722-2.el6.x86_64
安装 eclipse-pde-3.6.1-6.13.el6.x86_64
安装 abrt-desktop-2.0.8-21.el6.centos.x86_64
安装 PackageKit-gstreamer-plugin-0.5.8-21.el6.x86_64
安装 evince-dvi-2.28.2-14.el6_0.1.x86_64
安装 libnotify-devel-0.5.0-1.el6.x86_64
安装 librsvg2-devel-2.26.0-5.el6_1.1.0.1.centos.x86_64
安装 vino-2.28.1-9.el6_4.x86_64
安装 pygtk2-devel-2.16.0-3.el6.x86_64
安装 gtk2-immodule-xim-2.20.1-4.el6.x86_64
安装 nspluginwrapper-1.4.4-1.el6_3.x86_64
安装 latencytop-0.5-9.el6.x86_64
安装 perl-core-5.10.1-136.el6.x86_64
安装 gcc-gfortran-4.4.7-4.el6.x86_64
安装 tbb-devel-2.2-3.20090809.el6.x86_64
安装 boost-devel-1.41.0-18.el6.x86_64
安装 java-1.7.0-openjdk-devel-1.7.0.45-2.4.3.3.el6.x86_64
安装 readline-devel-6.0-4.el6.x86_64
安装 gstreamer-devel-0.10.29-1.el6.x86_64
安装 mysql-devel-5.1.71-1.el6.x86_64
安装 kde-l10n-Chinese-Traditional-4.3.4-5.el6.noarch
安装 kde-l10n-Chinese-4.3.4-5.el6.noarch
安装 abrt-cli-2.0.8-21.el6.centos.x86_64
安装 man-pages-overrides-6.5.2-1.el6.noarch
安装 net-snmp-utils-5.5-49.el6.x86_64
安装 yum-plugin-security-1.1.30-14.el6.noarch
安装 yum-utils-1.1.30-14.el6.noarch
安装 kde-i18n-Chinese-3.5.10-11.el6.noarch
安装 kde-i18n-Chinese-Big5-3.5.10-11.el6.noarch
安装 elfutils-devel-0.152-1.el6.x86_64
安装 cups-pk-helper-0.0.4-12.el6.x86_64
安装 mysql-connector-odbc-5.1.5r1144-7.el6.x86_64
安装 libcurl-devel-7.19.7-37.el6_4.x86_64
安装 perl-XML-Grove-0.46alpha-40.el6.noarch
安装 perl-XML-Twig-3.34-1.el6.noarch
安装 perl-XML-Dumper-0.81-8.el6.noarch
安装 cas-0.15-1.el6.1.noarch
安装 MySQL-python-1.2.3-0.3.c1.1.el6.x86_64
安装 pulseaudio-libs-devel-0.9.21-14.el6_3.x86_64
安装 perf-2.6.32-431.el6.x86_64
安装 grub-0.97-83.el6.x86_64
安装 iotop-0.3.2-7.el6.noarch
安装 dstat-0.7.0-1.el6.noarch
安装 tcpdump-4.0.0-3.20090921gitdf3cb4.2.el6.x86_64
安装 perl-Crypt-SSLeay-0.57-16.el6.x86_64
安装 hmaccalc-0.9.12-1.el6.x86_64
安装 docbook-slides-3.4.0-9.el6.noarch
安装 ntsysv-1.3.49.3-2.el6_4.1.x86_64
安装 pinfo-0.6.9-12.el6.x86_64
安装 pinentry-qt-0.7.6-6.el6.x86_64
安装 usbutils-003-4.el6.x86_64
安装 alsa-lib-devel-1.0.22-3.el6.x86_64
安装 xorg-x11-fonts-misc-7.2-9.1.el6.noarch
安装 pam_passwdqc-1.0.5-6.el6.x86_64
安装 pam-devel-1.1.1-17.el6.x86_64
安装 psacct-6.3.2-63.el6_3.3.x86_64
安装 tcsh-6.17-24.el6.x86_64
安装 audit-2.2-2.el6.x86_64
安装 redhat-rpm-config-9.0.3-42.el6.centos.noarch
安装 powertop-2.3-3.el6.x86_64
安装 docbook5-style-xsl-1.75.2-4.el6.noarch
安装 crash-gcore-command-1.0-5.el6.x86_64
安装 libXtst-devel-1.2.1-2.el6.x86_64
安装 xorg-x11-fonts-100dpi-7.2-9.1.el6.noarch
安装 xorg-x11-fonts-ISO8859-1-100dpi-7.2-9.1.el6.noarch
安装 ledmon-0.78-1.el6.x86_64
安装 patchutils-0.3.1-3.1.el6.x86_64
安装 enscript-1.6.4-15.el6.x86_64
安装 docbook5-schemas-5.0-4.1.el6.noarch
安装 hunspell-en-0.20090216-7.1.el6.noarch
安装 bison-2.4.1-5.el6.x86_64
安装 efibootmgr-0.5.4-11.el6.x86_64
安装 rcs-5.7-37.el6.x86_64
安装 xvattr-1.3-18.el6.x86_64
安装 binutils-devel-2.20.51.0.2-5.36.el6.x86_64
安装 xsettings-kde-0.11-1.el6.x86_64
安装 mlocate-0.22.2-4.el6.x86_64
安装 libcap-ng-devel-0.6.4-3.el6_0.1.x86_64
安装 latencytop-tui-0.5-9.el6.x86_64
安装 lsof-4.82-4.el6.x86_64
安装 m17n-contrib-maithili-1.1.10-4.el6_1.1.noarch
安装 m17n-contrib-marathi-1.1.10-4.el6_1.1.noarch
安装 m17n-contrib-urdu-1.1.10-4.el6_1.1.noarch
安装 ltrace-0.5-23.45svn.el6.x86_64
安装 audit-libs-devel-2.2-2.el6.x86_64
安装 bzip2-devel-1.0.5-7.el6_0.x86_64
安装 nano-2.0.9-7.el6.x86_64
安装 doxygen-1.6.1-6.el6.x86_64
安装 swig-1.3.40-6.el6.x86_64
安装 attr-2.4.44-7.el6.x86_64
安装 nfs4-acl-tools-0.3.3-6.el6.x86_64
安装 scl-utils-20120927-8.el6.x86_64
安装 cscope-15.6-6.el6.x86_64
安装 jomolhari-fonts-0.003-8.1.el6.noarch
安装 wqy-zenhei-fonts-0.9.45-3.el6.noarch
安装 dejavu-serif-fonts-2.30-2.el6.noarch
安装 lohit-assamese-fonts-2.4.3-5.el6.noarch
安装 lohit-bengali-fonts-2.4.3-6.el6.noarch
安装 lklug-fonts-0.6-4.20090803cvs.el6.noarch
安装 dejavu-sans-mono-fonts-2.30-2.el6.noarch
安装 liberation-serif-fonts-1.05.1.20090721-5.el6.noarch
安装 thai-scalable-waree-fonts-0.4.12-2.1.el6.noarch
安装 abyssinica-fonts-1.0-5.1.el6.noarch
安装 lohit-kannada-fonts-2.4.5-6.el6.noarch
安装 khmeros-base-fonts-5.0-9.el6.noarch
安装 paktype-tehreer-fonts-2.0-8.el6.noarch
安装 kurdit-unikurd-web-fonts-20020502-6.el6.noarch
安装 tibetan-machine-uni-fonts-1.901-5.el6.noarch
安装 liberation-mono-fonts-1.05.1.20090721-5.el6.noarch
安装 lohit-devanagari-fonts-2.4.3-7.el6.noarch
安装 vlgothic-fonts-20091202-2.el6.noarch
安装 smc-meera-fonts-04.2-11.el6.noarch
安装 lohit-gujarati-fonts-2.4.4-4.el6.noarch
安装 paktype-naqsh-fonts-2.0-8.el6.noarch
安装 sil-padauk-fonts-2.6.1-1.el6.noarch
安装 lohit-punjabi-fonts-2.4.4-2.el6.noarch
安装 un-core-dotum-fonts-1.0.2-0.15.080608.el6.noarch
安装 lohit-tamil-fonts-2.4.5-5.el6.noarch
安装 stix-fonts-0.9-13.1.el6.noarch
安装 lohit-telugu-fonts-2.4.5-6.el6.noarch
安装 madan-fonts-2.000-3.el6.noarch
安装 lohit-oriya-fonts-2.4.3-6.el6.noarch
安装 libitm-4.8.1-4.2.1.el6.x86_64
安装 wdaemon-0.17-5.el6.x86_64
安装 mtr-0.75-5.el6.x86_64
安装 traceroute-2.0.14-2.el6.x86_64
安装 setserial-2.17-25.el6.x86_64
安装 vconfig-1.9-8.1.el6.x86_64
安装 rfkill-0.3-4.el6.x86_64
安装 rdate-1.4-16.el6.x86_64
安装 bridge-utils-1.2-10.el6.x86_64
安装 strace-4.5.19-1.17.el6.x86_64
安装 b43-fwcutter-012-2.2.el6.x86_64
安装 latrace-0.5.9-2.el6.x86_64
安装 trace-cmd-1.0.5-10.el6.x86_64
安装 crash-trace-command-1.0-4.el6.x86_64
安装 byacc-1.9.20070509-7.el6.x86_64
安装 diffstat-1.51-2.el6.x86_64
安装 ctags-5.8-2.el6.x86_64
安装 cjkuni-uming-fonts-0.2.20080216.1-36.el6.noarch
安装 cjkuni-ukai-fonts-0.2.20080216.1-36.el6.noarch
安装 m17n-db-thai-1.5.5-1.1.el6.noarch
安装 scenery-backgrounds-6.0.0-1.el6.noarch
安装 gnome-backgrounds-2.28.0-2.el6.noarch
安装 xorg-x11-docs-1.3-6.1.el6.noarch
安装 ql2400-firmware-7.00.01-1.el6.noarch
安装 iwl5000-firmware-8.83.5.1_1-1.el6_1.1.noarch
安装 ql2100-firmware-1.19.38-3.1.el6.noarch
安装 ivtv-firmware-20080701-20.2.noarch
安装 libertas-usb8388-firmware-5.110.22.p23-3.1.el6.noarch
安装 xorg-x11-drv-ati-firmware-7.1.0-3.el6.noarch
安装 ql2500-firmware-7.00.01-1.el6.noarch
安装 atmel-firmware-1.3-7.el6.noarch
安装 zd1211-firmware-1.4-4.el6.noarch
安装 iwl4965-firmware-228.61.2.24-2.1.el6.noarch
安装 rt61pci-firmware-1.2-7.el6.noarch
安装 iwl3945-firmware-15.32.2.9-4.el6.noarch
安装 ql2200-firmware-2.02.08-3.1.el6.noarch
安装 rt73usb-firmware-1.8-7.el6.noarch
安装 ipw2100-firmware-1.3-11.el6.noarch
安装 ql23xx-firmware-3.03.27-3.1.el6.noarch
安装 ipw2200-firmware-3.1-4.el6.noarch
安装 rootfiles-8.1-6.1.el6.noarch
安装 man-pages-3.22-20.el6.noarch
安装 words-3.0-17.el6.noarch
*** FINISHED INSTALLING PACKAGES ***